This file contains any messages produced by compilers while
running configure, to aid debugging if configure makes a mistake.

It was created by eb configure.ios 4.4.3, which was
generated by GNU Autoconf 2.63.  Invocation command line was

  $ ./configure.ios CPP=/Applications/Xcode.app/Contents/Developer/Toolchains/XcodeDefault.xctoolchain/usr/bin/cpp CFLAGS=-isysroot /Applications/Xcode.app/Contents/Developer/Platforms/iPhoneOS.platform/Developer/SDKs/iPhoneOS.sdk CC=/Applications/Xcode.app/Contents/Developer/Toolchains/XcodeDefault.xctoolchain/usr/bin/clang -fembed-bitcode -arch arm64e -miphoneos-version-min=10.0  --host=arm-apple-darwin9 --disable-shared --enable-static

## --------- ##
## Platform. ##
## --------- ##

hostname = Landons-MacBook-Pro.local
uname -m = x86_64
uname -r = 18.2.0
uname -s = Darwin
uname -v = Darwin Kernel Version 18.2.0: Thu Dec 20 20:46:53 PST 2018; root:xnu-4903.241.1~1/RELEASE_X86_64

/usr/bin/uname -p = i386
/bin/uname -X     = unknown

/bin/arch              = unknown
/usr/bin/arch -k       = unknown
/usr/convex/getsysinfo = unknown
/usr/bin/hostinfo      = Mach kernel version:
	 Darwin Kernel Version 18.2.0: Thu Dec 20 20:46:53 PST 2018; root:xnu-4903.241.1~1/RELEASE_X86_64
Kernel configured for up to 12 processors.
6 processors are physically available.
12 processors are logically available.
Processor type: x86_64h (Intel x86-64h Haswell)
Processors active: 0 1 2 3 4 5 6 7 8 9 10 11
Primary memory available: 16.00 gigabytes
Default processor set: 597 tasks, 2667 threads, 12 processors
Load average: 2.79, Mach factor: 9.20
/bin/machine           = unknown
/usr/bin/oslevel       = unknown
/bin/universe          = unknown

PATH: /Users/landon/.rbenv/shims
PATH: /usr/local/bin
PATH: /usr/local/sbin
PATH: /usr/bin
PATH: /bin
PATH: /usr/sbin
PATH: /sbin
PATH: /Library/TeX/texbin


## ----------- ##
## Core tests. ##
## ----------- ##

configure.ios:2140: checking for a BSD-compatible install
configure.ios:2208: result: /usr/local/bin/ginstall -c
configure.ios:2219: checking whether build environment is sane
configure.ios:2262: result: yes
configure.ios:2287: checking for a thread-safe mkdir -p
configure.ios:2326: result: /usr/local/bin/gmkdir -p
configure.ios:2339: checking for gawk
configure.ios:2369: result: no
configure.ios:2339: checking for mawk
configure.ios:2369: result: no
configure.ios:2339: checking for nawk
configure.ios:2369: result: no
configure.ios:2339: checking for awk
configure.ios:2355: found /usr/bin/awk
configure.ios:2366: result: awk
configure.ios:2377: checking whether make sets $(MAKE)
configure.ios:2399: result: yes
configure.ios:2479: checking for arm-apple-darwin9-strip
configure.ios:2509: result: no
configure.ios:2519: checking for strip
configure.ios:2535: found /usr/bin/strip
configure.ios:2546: result: strip
configure.ios:2608: checking for arm-apple-darwin9-gcc
configure.ios:2635: result: /Applications/Xcode.app/Contents/Developer/Toolchains/XcodeDefault.xctoolchain/usr/bin/clang -fembed-bitcode -arch arm64e -miphoneos-version-min=10.0 
configure.ios:2907: checking for C compiler version
configure.ios:2915: /Applications/Xcode.app/Contents/Developer/Toolchains/XcodeDefault.xctoolchain/usr/bin/clang -fembed-bitcode -arch arm64e -miphoneos-version-min=10.0  --version >&5
Apple LLVM version 10.0.0 (clang-1000.11.45.5)
Target: arm64e-apple-darwin18.2.0
Thread model: posix
InstalledDir: /Applications/Xcode.app/Contents/Developer/Toolchains/XcodeDefault.xctoolchain/usr/bin
configure.ios:2919: $? = 0
configure.ios:2926: /Applications/Xcode.app/Contents/Developer/Toolchains/XcodeDefault.xctoolchain/usr/bin/clang -fembed-bitcode -arch arm64e -miphoneos-version-min=10.0  -v >&5
Apple LLVM version 10.0.0 (clang-1000.11.45.5)
Target: arm64e-apple-darwin18.2.0
Thread model: posix
InstalledDir: /Applications/Xcode.app/Contents/Developer/Toolchains/XcodeDefault.xctoolchain/usr/bin
clang: warning: argument unused during compilation: '-miphoneos-version-min=10.0' [-Wunused-command-line-argument]
configure.ios:2930: $? = 0
configure.ios:2937: /Applications/Xcode.app/Contents/Developer/Toolchains/XcodeDefault.xctoolchain/usr/bin/clang -fembed-bitcode -arch arm64e -miphoneos-version-min=10.0  -V >&5
clang: error: argument to '-V' is missing (expected 1 value)
clang: error: no input files
configure.ios:2941: $? = 1
configure.ios:2964: checking for C compiler default output file name
configure.ios:2986: /Applications/Xcode.app/Contents/Developer/Toolchains/XcodeDefault.xctoolchain/usr/bin/clang -fembed-bitcode -arch arm64e -miphoneos-version-min=10.0  -isysroot /Applications/Xcode.app/Contents/Developer/Platforms/iPhoneOS.platform/Developer/SDKs/iPhoneOS.sdk   conftest.c  >&5
configure.ios:2990: $? = 0
configure.ios:3028: result: a.out
configure.ios:3047: checking whether the C compiler works
configure.ios:3057: ./a.out
./configure.ios: line 3059: ./a.out: Bad CPU type in executable
configure.ios:3061: $? = 126
configure.ios:3080: result: yes
configure.ios:3087: checking whether we are cross compiling
configure.ios:3089: result: yes
configure.ios:3092: checking for suffix of executables
configure.ios:3099: /Applications/Xcode.app/Contents/Developer/Toolchains/XcodeDefault.xctoolchain/usr/bin/clang -fembed-bitcode -arch arm64e -miphoneos-version-min=10.0  -o conftest -isysroot /Applications/Xcode.app/Contents/Developer/Platforms/iPhoneOS.platform/Developer/SDKs/iPhoneOS.sdk   conftest.c  >&5
configure.ios:3103: $? = 0
configure.ios:3129: result: 
configure.ios:3135: checking for suffix of object files
configure.ios:3161: /Applications/Xcode.app/Contents/Developer/Toolchains/XcodeDefault.xctoolchain/usr/bin/clang -fembed-bitcode -arch arm64e -miphoneos-version-min=10.0  -c -isysroot /Applications/Xcode.app/Contents/Developer/Platforms/iPhoneOS.platform/Developer/SDKs/iPhoneOS.sdk  conftest.c >&5
configure.ios:3165: $? = 0
configure.ios:3190: result: o
configure.ios:3194: checking whether we are using the GNU C compiler
configure.ios:3223: /Applications/Xcode.app/Contents/Developer/Toolchains/XcodeDefault.xctoolchain/usr/bin/clang -fembed-bitcode -arch arm64e -miphoneos-version-min=10.0  -c -isysroot /Applications/Xcode.app/Contents/Developer/Platforms/iPhoneOS.platform/Developer/SDKs/iPhoneOS.sdk  conftest.c >&5
configure.ios:3230: $? = 0
configure.ios:3247: result: yes
configure.ios:3256: checking whether /Applications/Xcode.app/Contents/Developer/Toolchains/XcodeDefault.xctoolchain/usr/bin/clang -fembed-bitcode -arch arm64e -miphoneos-version-min=10.0  accepts -g
configure.ios:3286: /Applications/Xcode.app/Contents/Developer/Toolchains/XcodeDefault.xctoolchain/usr/bin/clang -fembed-bitcode -arch arm64e -miphoneos-version-min=10.0  -c -g  conftest.c >&5
configure.ios:3293: $? = 0
configure.ios:3394: result: yes
configure.ios:3411: checking for /Applications/Xcode.app/Contents/Developer/Toolchains/XcodeDefault.xctoolchain/usr/bin/clang -fembed-bitcode -arch arm64e -miphoneos-version-min=10.0  option to accept ISO C89
configure.ios:3485: /Applications/Xcode.app/Contents/Developer/Toolchains/XcodeDefault.xctoolchain/usr/bin/clang -fembed-bitcode -arch arm64e -miphoneos-version-min=10.0   -c -isysroot /Applications/Xcode.app/Contents/Developer/Platforms/iPhoneOS.platform/Developer/SDKs/iPhoneOS.sdk  conftest.c >&5
configure.ios:3492: $? = 0
configure.ios:3515: result: none needed
configure.ios:3544: checking for style of include used by make
configure.ios:3572: result: GNU
configure.ios:3597: checking dependency style of /Applications/Xcode.app/Contents/Developer/Toolchains/XcodeDefault.xctoolchain/usr/bin/clang -fembed-bitcode -arch arm64e -miphoneos-version-min=10.0 
configure.ios:3688: result: gcc3
configure.ios:3734: checking build system type
configure.ios:3752: result: i386-apple-darwin18.2.0
configure.ios:3774: checking host system type
configure.ios:3789: result: arm-apple-darwin9
configure.ios:3811: checking for a sed that does not truncate output
configure.ios:3877: result: /usr/bin/sed
configure.ios:3895: checking for grep that handles long lines and -e
configure.ios:3955: result: /usr/local/bin/ggrep
configure.ios:3960: checking for egrep
configure.ios:4024: result: /usr/local/bin/ggrep -E
configure.ios:4029: checking for fgrep
configure.ios:4093: result: /usr/local/bin/ggrep -F
configure.ios:4128: checking for ld used by /Applications/Xcode.app/Contents/Developer/Toolchains/XcodeDefault.xctoolchain/usr/bin/clang -fembed-bitcode -arch arm64e -miphoneos-version-min=10.0 
configure.ios:4195: result: /Applications/Xcode.app/Contents/Developer/Toolchains/XcodeDefault.xctoolchain/usr/bin/ld
configure.ios:4204: checking if the linker (/Applications/Xcode.app/Contents/Developer/Toolchains/XcodeDefault.xctoolchain/usr/bin/ld) is GNU ld
configure.ios:4219: result: no
configure.ios:4231: checking for BSD- or MS-compatible name lister (nm)
configure.ios:4280: result: no
configure.ios:4291: checking for arm-apple-darwin9-dumpbin
configure.ios:4321: result: no
configure.ios:4291: checking for arm-apple-darwin9-link
configure.ios:4321: result: no
configure.ios:4335: checking for dumpbin
configure.ios:4365: result: no
configure.ios:4335: checking for link
configure.ios:4351: found /bin/link
configure.ios:4362: result: link -dump -symbols
configure.ios:4378: WARNING: using cross tools not prefixed with host triplet
configure.ios:4398: checking the name lister (link -dump -symbols) interface
configure.ios:4405: /Applications/Xcode.app/Contents/Developer/Toolchains/XcodeDefault.xctoolchain/usr/bin/clang -fembed-bitcode -arch arm64e -miphoneos-version-min=10.0  -c -isysroot /Applications/Xcode.app/Contents/Developer/Platforms/iPhoneOS.platform/Developer/SDKs/iPhoneOS.sdk  conftest.c >&5
configure.ios:4408: link -dump -symbols "conftest.o"
link: illegal option -- d
usage: ln [-Ffhinsv] source_file [target_file]
       ln [-Ffhinsv] source_file ... target_dir
       link source_file target_file
configure.ios:4411: output
configure.ios:4418: result: BSD nm
configure.ios:4421: checking whether ln -s works
configure.ios:4425: result: yes
configure.ios:4433: checking the maximum length of command line arguments
configure.ios:4553: result: 196608
configure.ios:4570: checking whether the shell understands some XSI constructs
configure.ios:4580: result: yes
configure.ios:4584: checking whether the shell understands "+="
configure.ios:4590: result: yes
configure.ios:4625: checking for /Applications/Xcode.app/Contents/Developer/Toolchains/XcodeDefault.xctoolchain/usr/bin/ld option to reload object files
configure.ios:4632: result: -r
configure.ios:4661: checking for arm-apple-darwin9-objdump
configure.ios:4691: result: no
configure.ios:4701: checking for objdump
configure.ios:4717: found /usr/bin/objdump
configure.ios:4728: result: objdump
configure.ios:4760: checking how to recognize dependent libraries
configure.ios:4956: result: pass_all
configure.ios:4976: checking for arm-apple-darwin9-ar
configure.ios:5006: result: no
configure.ios:5016: checking for ar
configure.ios:5032: found /usr/bin/ar
configure.ios:5043: result: ar
configure.ios:5081: checking for arm-apple-darwin9-strip
configure.ios:5108: result: strip
configure.ios:5180: checking for arm-apple-darwin9-ranlib
configure.ios:5210: result: no
configure.ios:5220: checking for ranlib
configure.ios:5236: found /usr/bin/ranlib
configure.ios:5247: result: ranlib
configure.ios:5337: checking command to parse link -dump -symbols output from /Applications/Xcode.app/Contents/Developer/Toolchains/XcodeDefault.xctoolchain/usr/bin/clang -fembed-bitcode -arch arm64e -miphoneos-version-min=10.0  object
configure.ios:5455: /Applications/Xcode.app/Contents/Developer/Toolchains/XcodeDefault.xctoolchain/usr/bin/clang -fembed-bitcode -arch arm64e -miphoneos-version-min=10.0  -c -isysroot /Applications/Xcode.app/Contents/Developer/Platforms/iPhoneOS.platform/Developer/SDKs/iPhoneOS.sdk  conftest.c >&5
configure.ios:5458: $? = 0
configure.ios:5462: link -dump -symbols conftest.o \| sed -n -e 's/^.*[	 ]\([BCDEGRST][BCDEGRST]*\)[	 ][	 ]*\([_A-Za-z][_A-Za-z0-9]*\)$/\1 \2 \2/p' \> conftest.nm
link: illegal option -- d
usage: ln [-Ffhinsv] source_file [target_file]
       ln [-Ffhinsv] source_file ... target_dir
       link source_file target_file
configure.ios:5465: $? = 0
cannot run sed -n -e 's/^.*[	 ]\([BCDEGRST][BCDEGRST]*\)[	 ][	 ]*\([_A-Za-z][_A-Za-z0-9]*\)$/\1 \2 \2/p'
configure.ios:5455: /Applications/Xcode.app/Contents/Developer/Toolchains/XcodeDefault.xctoolchain/usr/bin/clang -fembed-bitcode -arch arm64e -miphoneos-version-min=10.0  -c -isysroot /Applications/Xcode.app/Contents/Developer/Platforms/iPhoneOS.platform/Developer/SDKs/iPhoneOS.sdk  conftest.c >&5
configure.ios:5458: $? = 0
configure.ios:5462: link -dump -symbols conftest.o \| sed -n -e 's/^.*[	 ]\([BCDEGRST][BCDEGRST]*\)[	 ][	 ]*_\([_A-Za-z][_A-Za-z0-9]*\)$/\1 _\2 \2/p' \> conftest.nm
link: illegal option -- d
usage: ln [-Ffhinsv] source_file [target_file]
       ln [-Ffhinsv] source_file ... target_dir
       link source_file target_file
configure.ios:5465: $? = 0
cannot run sed -n -e 's/^.*[	 ]\([BCDEGRST][BCDEGRST]*\)[	 ][	 ]*_\([_A-Za-z][_A-Za-z0-9]*\)$/\1 _\2 \2/p'
configure.ios:5557: result: failed
configure.ios:5814: checking for arm-apple-darwin9-dsymutil
configure.ios:5844: result: no
configure.ios:5854: checking for dsymutil
configure.ios:5870: found /usr/bin/dsymutil
configure.ios:5881: result: dsymutil
configure.ios:5906: checking for arm-apple-darwin9-nmedit
configure.ios:5936: result: no
configure.ios:5946: checking for nmedit
configure.ios:5962: found /usr/bin/nmedit
configure.ios:5973: result: nmedit
configure.ios:5998: checking for arm-apple-darwin9-lipo
configure.ios:6028: result: no
configure.ios:6038: checking for lipo
configure.ios:6054: found /usr/bin/lipo
configure.ios:6065: result: lipo
configure.ios:6090: checking for arm-apple-darwin9-otool
configure.ios:6120: result: no
configure.ios:6130: checking for otool
configure.ios:6146: found /usr/bin/otool
configure.ios:6157: result: otool
configure.ios:6182: checking for arm-apple-darwin9-otool64
configure.ios:6212: result: no
configure.ios:6222: checking for otool64
configure.ios:6252: result: no
configure.ios:6297: checking for -single_module linker flag
/Applications/Xcode.app/Contents/Developer/Toolchains/XcodeDefault.xctoolchain/usr/bin/clang -fembed-bitcode -arch arm64e -miphoneos-version-min=10.0  -isysroot /Applications/Xcode.app/Contents/Developer/Platforms/iPhoneOS.platform/Developer/SDKs/iPhoneOS.sdk  -o libconftest.dylib -dynamiclib -Wl,-single_module conftest.c
configure.ios:6324: result: yes
configure.ios:6326: checking for -exported_symbols_list linker flag
configure.ios:6356: /Applications/Xcode.app/Contents/Developer/Toolchains/XcodeDefault.xctoolchain/usr/bin/clang -fembed-bitcode -arch arm64e -miphoneos-version-min=10.0  -o conftest -isysroot /Applications/Xcode.app/Contents/Developer/Platforms/iPhoneOS.platform/Developer/SDKs/iPhoneOS.sdk   -Wl,-exported_symbols_list,conftest.sym conftest.c  >&5
configure.ios:6363: $? = 0
configure.ios:6385: result: yes
configure.ios:6427: checking how to run the C preprocessor
configure.ios:6545: result: /Applications/Xcode.app/Contents/Developer/Toolchains/XcodeDefault.xctoolchain/usr/bin/cpp
configure.ios:6574: /Applications/Xcode.app/Contents/Developer/Toolchains/XcodeDefault.xctoolchain/usr/bin/cpp  conftest.c
configure.ios:6581: $? = 0
configure.ios:6612: /Applications/Xcode.app/Contents/Developer/Toolchains/XcodeDefault.xctoolchain/usr/bin/cpp  conftest.c
conftest.c:11:10: fatal error: 'ac_nonexistent.h' file not found
#include <ac_nonexistent.h>
         ^~~~~~~~~~~~~~~~~~
1 error generated.
configure.ios:6619: $? = 1
configure.ios: failed program was:
| /* confdefs.h.  */
| #define PACKAGE_NAME "eb"
| #define PACKAGE_TARNAME "eb"
| #define PACKAGE_VERSION "4.4.3"
| #define PACKAGE_STRING "eb 4.4.3"
| #define PACKAGE_BUGREPORT ""
| #define PACKAGE "eb"
| #define VERSION "4.4.3"
| #define MAILING_ADDRESS "m-kasahr@sra.co.jp"
| /* end confdefs.h.  */
| #include <ac_nonexistent.h>
configure.ios:6659: checking for ANSI C header files
configure.ios:6689: /Applications/Xcode.app/Contents/Developer/Toolchains/XcodeDefault.xctoolchain/usr/bin/clang -fembed-bitcode -arch arm64e -miphoneos-version-min=10.0  -c -isysroot /Applications/Xcode.app/Contents/Developer/Platforms/iPhoneOS.platform/Developer/SDKs/iPhoneOS.sdk  conftest.c >&5
configure.ios:6696: $? = 0
In file included from conftest.c:11:
In file included from /Applications/Xcode.app/Contents/Developer/Platforms/MacOSX.platform/Developer/SDKs/MacOSX10.14.sdk/usr/include/string.h:63:
In file included from /Applications/Xcode.app/Contents/Developer/Platforms/MacOSX.platform/Developer/SDKs/MacOSX10.14.sdk/usr/include/Availability.h:232:
/Applications/Xcode.app/Contents/Developer/Platforms/MacOSX.platform/Developer/SDKs/MacOSX10.14.sdk/usr/include/AvailabilityInternal.h:41989:2: error: #else after #else
#else
 ^
/Applications/Xcode.app/Contents/Developer/Platforms/MacOSX.platform/Developer/SDKs/MacOSX10.14.sdk/usr/include/AvailabilityInternal.h:41324:10: error: unterminated conditional directive
        #if __MAC_OS_X_VERSION_MIN_REQUIRED >= __MAC_10_13_1
         ^
/Applications/Xcode.app/Contents/Developer/Platforms/MacOSX.platform/Developer/SDKs/MacOSX10.14.sdk/usr/include/AvailabilityInternal.h:41233:10: error: unterminated conditional directive
        #if __MAC_OS_X_VERSION_MIN_REQUIRED >= __MAC_10_13
         ^
/Applications/Xcode.app/Contents/Developer/Platforms/MacOSX.platform/Developer/SDKs/MacOSX10.14.sdk/usr/include/AvailabilityInternal.h:41146:10: error: unterminated conditional directive
        #if __MAC_OS_X_VERSION_MIN_REQUIRED >= __MAC_10_12_4
         ^
/Applications/Xcode.app/Contents/Developer/Platforms/MacOSX.platform/Developer/SDKs/MacOSX10.14.sdk/usr/include/AvailabilityInternal.h:41063:10: error: unterminated conditional directive
        #if __MAC_OS_X_VERSION_MIN_REQUIRED >= __MAC_10_12_2
         ^
/Applications/Xcode.app/Contents/Developer/Platforms/MacOSX.platform/Developer/SDKs/MacOSX10.14.sdk/usr/include/AvailabilityInternal.h:40984:10: error: unterminated conditional directive
        #if __MAC_OS_X_VERSION_MIN_REQUIRED >= __MAC_10_12_1
         ^
/Applications/Xcode.app/Contents/Developer/Platforms/MacOSX.platform/Developer/SDKs/MacOSX10.14.sdk/usr/include/AvailabilityInternal.h:40909:10: error: unterminated conditional directive
        #if __MAC_OS_X_VERSION_MIN_REQUIRED >= __MAC_10_12
         ^
/Applications/Xcode.app/Contents/Developer/Platforms/MacOSX.platform/Developer/SDKs/MacOSX10.14.sdk/usr/include/AvailabilityInternal.h:40838:10: error: unterminated conditional directive
        #if __MAC_OS_X_VERSION_MIN_REQUIRED >= __MAC_10_11_4
         ^
/Applications/Xcode.app/Contents/Developer/Platforms/MacOSX.platform/Developer/SDKs/MacOSX10.14.sdk/usr/include/AvailabilityInternal.h:40771:10: error: unterminated conditional directive
        #if __MAC_OS_X_VERSION_MIN_REQUIRED >= __MAC_10_11_3
         ^
/Applications/Xcode.app/Contents/Developer/Platforms/MacOSX.platform/Developer/SDKs/MacOSX10.14.sdk/usr/include/AvailabilityInternal.h:40708:10: error: unterminated conditional directive
        #if __MAC_OS_X_VERSION_MIN_REQUIRED >= __MAC_10_11_2
         ^
/Applications/Xcode.app/Contents/Developer/Platforms/MacOSX.platform/Developer/SDKs/MacOSX10.14.sdk/usr/include/AvailabilityInternal.h:40649:10: error: unterminated conditional directive
        #if __MAC_OS_X_VERSION_MIN_REQUIRED >= __MAC_10_11
         ^
/Applications/Xcode.app/Contents/Developer/Platforms/MacOSX.platform/Developer/SDKs/MacOSX10.14.sdk/usr/include/AvailabilityInternal.h:40594:10: error: unterminated conditional directive
        #if __MAC_OS_X_VERSION_MIN_REQUIRED >= __MAC_10_10_3
         ^
/Applications/Xcode.app/Contents/Developer/Platforms/MacOSX.platform/Developer/SDKs/MacOSX10.14.sdk/usr/include/AvailabilityInternal.h:40543:10: error: unterminated conditional directive
        #if __MAC_OS_X_VERSION_MIN_REQUIRED >= __MAC_10_10_2
         ^
/Applications/Xcode.app/Contents/Developer/Platforms/MacOSX.platform/Developer/SDKs/MacOSX10.14.sdk/usr/include/AvailabilityInternal.h:40496:10: error: unterminated conditional directive
        #if __MAC_OS_X_VERSION_MIN_REQUIRED >= __MAC_10_10
         ^
/Applications/Xcode.app/Contents/Developer/Platforms/MacOSX.platform/Developer/SDKs/MacOSX10.14.sdk/usr/include/AvailabilityInternal.h:40453:10: error: unterminated conditional directive
        #if __MAC_OS_X_VERSION_MIN_REQUIRED >= __MAC_10_9
         ^
/Applications/Xcode.app/Contents/Developer/Platforms/MacOSX.platform/Developer/SDKs/MacOSX10.14.sdk/usr/include/AvailabilityInternal.h:40414:10: error: unterminated conditional directive
        #if __MAC_OS_X_VERSION_MIN_REQUIRED >= __MAC_10_8
         ^
/Applications/Xcode.app/Contents/Developer/Platforms/MacOSX.platform/Developer/SDKs/MacOSX10.14.sdk/usr/include/AvailabilityInternal.h:40379:10: error: unterminated conditional directive
        #if __MAC_OS_X_VERSION_MIN_REQUIRED >= __MAC_10_7
         ^
/Applications/Xcode.app/Contents/Developer/Platforms/MacOSX.platform/Developer/SDKs/MacOSX10.14.sdk/usr/include/AvailabilityInternal.h:40348:10: error: unterminated conditional directive
        #if __MAC_OS_X_VERSION_MIN_REQUIRED >= __MAC_10_6
         ^
/Applications/Xcode.app/Contents/Developer/Platforms/MacOSX.platform/Developer/SDKs/MacOSX10.14.sdk/usr/include/AvailabilityInternal.h:40321:10: error: unterminated conditional directive
        #if __MAC_OS_X_VERSION_MIN_REQUIRED >= __MAC_10_5
         ^
fatal error: too many errors emitted, stopping now [-ferror-limit=]
20 errors generated.
In file included from conftest.c:11:
In file included from /Applications/Xcode.app/Contents/Developer/Platforms/MacOSX.platform/Developer/SDKs/MacOSX10.14.sdk/usr/include/stdlib.h:61:
In file included from /Applications/Xcode.app/Contents/Developer/Platforms/MacOSX.platform/Developer/SDKs/MacOSX10.14.sdk/usr/include/Availability.h:232:
/Applications/Xcode.app/Contents/Developer/Platforms/MacOSX.platform/Developer/SDKs/MacOSX10.14.sdk/usr/include/AvailabilityInternal.h:41989:2: error: #else after #else
#else
 ^
/Applications/Xcode.app/Contents/Developer/Platforms/MacOSX.platform/Developer/SDKs/MacOSX10.14.sdk/usr/include/AvailabilityInternal.h:41324:10: error: unterminated conditional directive
        #if __MAC_OS_X_VERSION_MIN_REQUIRED >= __MAC_10_13_1
         ^
/Applications/Xcode.app/Contents/Developer/Platforms/MacOSX.platform/Developer/SDKs/MacOSX10.14.sdk/usr/include/AvailabilityInternal.h:41233:10: error: unterminated conditional directive
        #if __MAC_OS_X_VERSION_MIN_REQUIRED >= __MAC_10_13
         ^
/Applications/Xcode.app/Contents/Developer/Platforms/MacOSX.platform/Developer/SDKs/MacOSX10.14.sdk/usr/include/AvailabilityInternal.h:41146:10: error: unterminated conditional directive
        #if __MAC_OS_X_VERSION_MIN_REQUIRED >= __MAC_10_12_4
         ^
/Applications/Xcode.app/Contents/Developer/Platforms/MacOSX.platform/Developer/SDKs/MacOSX10.14.sdk/usr/include/AvailabilityInternal.h:41063:10: error: unterminated conditional directive
        #if __MAC_OS_X_VERSION_MIN_REQUIRED >= __MAC_10_12_2
         ^
/Applications/Xcode.app/Contents/Developer/Platforms/MacOSX.platform/Developer/SDKs/MacOSX10.14.sdk/usr/include/AvailabilityInternal.h:40984:10: error: unterminated conditional directive
        #if __MAC_OS_X_VERSION_MIN_REQUIRED >= __MAC_10_12_1
         ^
/Applications/Xcode.app/Contents/Developer/Platforms/MacOSX.platform/Developer/SDKs/MacOSX10.14.sdk/usr/include/AvailabilityInternal.h:40909:10: error: unterminated conditional directive
        #if __MAC_OS_X_VERSION_MIN_REQUIRED >= __MAC_10_12
         ^
/Applications/Xcode.app/Contents/Developer/Platforms/MacOSX.platform/Developer/SDKs/MacOSX10.14.sdk/usr/include/AvailabilityInternal.h:40838:10: error: unterminated conditional directive
        #if __MAC_OS_X_VERSION_MIN_REQUIRED >= __MAC_10_11_4
         ^
/Applications/Xcode.app/Contents/Developer/Platforms/MacOSX.platform/Developer/SDKs/MacOSX10.14.sdk/usr/include/AvailabilityInternal.h:40771:10: error: unterminated conditional directive
        #if __MAC_OS_X_VERSION_MIN_REQUIRED >= __MAC_10_11_3
         ^
/Applications/Xcode.app/Contents/Developer/Platforms/MacOSX.platform/Developer/SDKs/MacOSX10.14.sdk/usr/include/AvailabilityInternal.h:40708:10: error: unterminated conditional directive
        #if __MAC_OS_X_VERSION_MIN_REQUIRED >= __MAC_10_11_2
         ^
/Applications/Xcode.app/Contents/Developer/Platforms/MacOSX.platform/Developer/SDKs/MacOSX10.14.sdk/usr/include/AvailabilityInternal.h:40649:10: error: unterminated conditional directive
        #if __MAC_OS_X_VERSION_MIN_REQUIRED >= __MAC_10_11
         ^
/Applications/Xcode.app/Contents/Developer/Platforms/MacOSX.platform/Developer/SDKs/MacOSX10.14.sdk/usr/include/AvailabilityInternal.h:40594:10: error: unterminated conditional directive
        #if __MAC_OS_X_VERSION_MIN_REQUIRED >= __MAC_10_10_3
         ^
/Applications/Xcode.app/Contents/Developer/Platforms/MacOSX.platform/Developer/SDKs/MacOSX10.14.sdk/usr/include/AvailabilityInternal.h:40543:10: error: unterminated conditional directive
        #if __MAC_OS_X_VERSION_MIN_REQUIRED >= __MAC_10_10_2
         ^
/Applications/Xcode.app/Contents/Developer/Platforms/MacOSX.platform/Developer/SDKs/MacOSX10.14.sdk/usr/include/AvailabilityInternal.h:40496:10: error: unterminated conditional directive
        #if __MAC_OS_X_VERSION_MIN_REQUIRED >= __MAC_10_10
         ^
/Applications/Xcode.app/Contents/Developer/Platforms/MacOSX.platform/Developer/SDKs/MacOSX10.14.sdk/usr/include/AvailabilityInternal.h:40453:10: error: unterminated conditional directive
        #if __MAC_OS_X_VERSION_MIN_REQUIRED >= __MAC_10_9
         ^
/Applications/Xcode.app/Contents/Developer/Platforms/MacOSX.platform/Developer/SDKs/MacOSX10.14.sdk/usr/include/AvailabilityInternal.h:40414:10: error: unterminated conditional directive
        #if __MAC_OS_X_VERSION_MIN_REQUIRED >= __MAC_10_8
         ^
/Applications/Xcode.app/Contents/Developer/Platforms/MacOSX.platform/Developer/SDKs/MacOSX10.14.sdk/usr/include/AvailabilityInternal.h:40379:10: error: unterminated conditional directive
        #if __MAC_OS_X_VERSION_MIN_REQUIRED >= __MAC_10_7
         ^
/Applications/Xcode.app/Contents/Developer/Platforms/MacOSX.platform/Developer/SDKs/MacOSX10.14.sdk/usr/include/AvailabilityInternal.h:40348:10: error: unterminated conditional directive
        #if __MAC_OS_X_VERSION_MIN_REQUIRED >= __MAC_10_6
         ^
/Applications/Xcode.app/Contents/Developer/Platforms/MacOSX.platform/Developer/SDKs/MacOSX10.14.sdk/usr/include/AvailabilityInternal.h:40321:10: error: unterminated conditional directive
        #if __MAC_OS_X_VERSION_MIN_REQUIRED >= __MAC_10_5
         ^
fatal error: too many errors emitted, stopping now [-ferror-limit=]
20 errors generated.
configure.ios:6827: result: yes
configure.ios:6851: checking for sys/types.h
configure.ios:6872: /Applications/Xcode.app/Contents/Developer/Toolchains/XcodeDefault.xctoolchain/usr/bin/clang -fembed-bitcode -arch arm64e -miphoneos-version-min=10.0  -c -isysroot /Applications/Xcode.app/Contents/Developer/Platforms/iPhoneOS.platform/Developer/SDKs/iPhoneOS.sdk  conftest.c >&5
configure.ios:6879: $? = 0
configure.ios:6896: result: yes
configure.ios:6851: checking for sys/stat.h
configure.ios:6872: /Applications/Xcode.app/Contents/Developer/Toolchains/XcodeDefault.xctoolchain/usr/bin/clang -fembed-bitcode -arch arm64e -miphoneos-version-min=10.0  -c -isysroot /Applications/Xcode.app/Contents/Developer/Platforms/iPhoneOS.platform/Developer/SDKs/iPhoneOS.sdk  conftest.c >&5
configure.ios:6879: $? = 0
configure.ios:6896: result: yes
configure.ios:6851: checking for stdlib.h
configure.ios:6872: /Applications/Xcode.app/Contents/Developer/Toolchains/XcodeDefault.xctoolchain/usr/bin/clang -fembed-bitcode -arch arm64e -miphoneos-version-min=10.0  -c -isysroot /Applications/Xcode.app/Contents/Developer/Platforms/iPhoneOS.platform/Developer/SDKs/iPhoneOS.sdk  conftest.c >&5
configure.ios:6879: $? = 0
configure.ios:6896: result: yes
configure.ios:6851: checking for string.h
configure.ios:6872: /Applications/Xcode.app/Contents/Developer/Toolchains/XcodeDefault.xctoolchain/usr/bin/clang -fembed-bitcode -arch arm64e -miphoneos-version-min=10.0  -c -isysroot /Applications/Xcode.app/Contents/Developer/Platforms/iPhoneOS.platform/Developer/SDKs/iPhoneOS.sdk  conftest.c >&5
configure.ios:6879: $? = 0
configure.ios:6896: result: yes
configure.ios:6851: checking for memory.h
configure.ios:6872: /Applications/Xcode.app/Contents/Developer/Toolchains/XcodeDefault.xctoolchain/usr/bin/clang -fembed-bitcode -arch arm64e -miphoneos-version-min=10.0  -c -isysroot /Applications/Xcode.app/Contents/Developer/Platforms/iPhoneOS.platform/Developer/SDKs/iPhoneOS.sdk  conftest.c >&5
configure.ios:6879: $? = 0
configure.ios:6896: result: yes
configure.ios:6851: checking for strings.h
configure.ios:6872: /Applications/Xcode.app/Contents/Developer/Toolchains/XcodeDefault.xctoolchain/usr/bin/clang -fembed-bitcode -arch arm64e -miphoneos-version-min=10.0  -c -isysroot /Applications/Xcode.app/Contents/Developer/Platforms/iPhoneOS.platform/Developer/SDKs/iPhoneOS.sdk  conftest.c >&5
configure.ios:6879: $? = 0
configure.ios:6896: result: yes
configure.ios:6851: checking for inttypes.h
configure.ios:6872: /Applications/Xcode.app/Contents/Developer/Toolchains/XcodeDefault.xctoolchain/usr/bin/clang -fembed-bitcode -arch arm64e -miphoneos-version-min=10.0  -c -isysroot /Applications/Xcode.app/Contents/Developer/Platforms/iPhoneOS.platform/Developer/SDKs/iPhoneOS.sdk  conftest.c >&5
configure.ios:6879: $? = 0
configure.ios:6896: result: yes
configure.ios:6851: checking for stdint.h
configure.ios:6872: /Applications/Xcode.app/Contents/Developer/Toolchains/XcodeDefault.xctoolchain/usr/bin/clang -fembed-bitcode -arch arm64e -miphoneos-version-min=10.0  -c -isysroot /Applications/Xcode.app/Contents/Developer/Platforms/iPhoneOS.platform/Developer/SDKs/iPhoneOS.sdk  conftest.c >&5
configure.ios:6879: $? = 0
configure.ios:6896: result: yes
configure.ios:6851: checking for unistd.h
configure.ios:6872: /Applications/Xcode.app/Contents/Developer/Toolchains/XcodeDefault.xctoolchain/usr/bin/clang -fembed-bitcode -arch arm64e -miphoneos-version-min=10.0  -c -isysroot /Applications/Xcode.app/Contents/Developer/Platforms/iPhoneOS.platform/Developer/SDKs/iPhoneOS.sdk  conftest.c >&5
configure.ios:6879: $? = 0
configure.ios:6896: result: yes
configure.ios:6914: checking for dlfcn.h
configure.ios:6935: /Applications/Xcode.app/Contents/Developer/Toolchains/XcodeDefault.xctoolchain/usr/bin/clang -fembed-bitcode -arch arm64e -miphoneos-version-min=10.0  -c -isysroot /Applications/Xcode.app/Contents/Developer/Platforms/iPhoneOS.platform/Developer/SDKs/iPhoneOS.sdk  conftest.c >&5
configure.ios:6942: $? = 0
configure.ios:6959: result: yes
configure.ios:7145: checking for objdir
configure.ios:7160: result: .libs
configure.ios:7456: checking if /Applications/Xcode.app/Contents/Developer/Toolchains/XcodeDefault.xctoolchain/usr/bin/clang -fembed-bitcode -arch arm64e -miphoneos-version-min=10.0  supports -fno-rtti -fno-exceptions
configure.ios:7474: /Applications/Xcode.app/Contents/Developer/Toolchains/XcodeDefault.xctoolchain/usr/bin/clang -fembed-bitcode -arch arm64e -miphoneos-version-min=10.0  -c -isysroot /Applications/Xcode.app/Contents/Developer/Platforms/iPhoneOS.platform/Developer/SDKs/iPhoneOS.sdk  -fno-rtti -fno-exceptions conftest.c >&5
configure.ios:7478: $? = 0
configure.ios:7491: result: yes
configure.ios:7511: checking for /Applications/Xcode.app/Contents/Developer/Toolchains/XcodeDefault.xctoolchain/usr/bin/clang -fembed-bitcode -arch arm64e -miphoneos-version-min=10.0  option to produce PIC
configure.ios:7783: result: -fno-common -DPIC
configure.ios:7795: checking if /Applications/Xcode.app/Contents/Developer/Toolchains/XcodeDefault.xctoolchain/usr/bin/clang -fembed-bitcode -arch arm64e -miphoneos-version-min=10.0  PIC flag -fno-common -DPIC works
configure.ios:7813: /Applications/Xcode.app/Contents/Developer/Toolchains/XcodeDefault.xctoolchain/usr/bin/clang -fembed-bitcode -arch arm64e -miphoneos-version-min=10.0  -c -isysroot /Applications/Xcode.app/Contents/Developer/Platforms/iPhoneOS.platform/Developer/SDKs/iPhoneOS.sdk  -fno-common -DPIC -DPIC conftest.c >&5
configure.ios:7817: $? = 0
configure.ios:7830: result: yes
configure.ios:7854: checking if /Applications/Xcode.app/Contents/Developer/Toolchains/XcodeDefault.xctoolchain/usr/bin/clang -fembed-bitcode -arch arm64e -miphoneos-version-min=10.0  static flag -static works
configure.ios:7882: result: no
configure.ios:7897: checking if /Applications/Xcode.app/Contents/Developer/Toolchains/XcodeDefault.xctoolchain/usr/bin/clang -fembed-bitcode -arch arm64e -miphoneos-version-min=10.0  supports -c -o file.o
configure.ios:7918: /Applications/Xcode.app/Contents/Developer/Toolchains/XcodeDefault.xctoolchain/usr/bin/clang -fembed-bitcode -arch arm64e -miphoneos-version-min=10.0  -c -isysroot /Applications/Xcode.app/Contents/Developer/Platforms/iPhoneOS.platform/Developer/SDKs/iPhoneOS.sdk  -o out/conftest2.o conftest.c >&5
configure.ios:7922: $? = 0
configure.ios:7944: result: yes
configure.ios:7952: checking if /Applications/Xcode.app/Contents/Developer/Toolchains/XcodeDefault.xctoolchain/usr/bin/clang -fembed-bitcode -arch arm64e -miphoneos-version-min=10.0  supports -c -o file.o
configure.ios:7999: result: yes
configure.ios:8032: checking whether the /Applications/Xcode.app/Contents/Developer/Toolchains/XcodeDefault.xctoolchain/usr/bin/clang -fembed-bitcode -arch arm64e -miphoneos-version-min=10.0  linker (/Applications/Xcode.app/Contents/Developer/Toolchains/XcodeDefault.xctoolchain/usr/bin/ld) supports shared libraries
configure.ios:9106: result: yes
configure.ios:9345: checking dynamic linker characteristics
configure.ios:10028: result: darwin9 dyld
configure.ios:10130: checking how to hardcode library paths into programs
configure.ios:10155: result: immediate
configure.ios:10988: checking whether stripping libraries is possible
configure.ios:11002: result: yes
configure.ios:11028: checking if libtool supports shared libraries
configure.ios:11030: result: yes
configure.ios:11033: checking whether to build shared libraries
configure.ios:11054: result: no
configure.ios:11057: checking whether to build static libraries
configure.ios:11061: result: yes
configure.ios:11096: checking whether ln -s works
configure.ios:11100: result: yes
configure.ios:11121: checking for a BSD-compatible install
configure.ios:11189: result: /usr/local/bin/ginstall -c
configure.ios:11203: checking for perl
configure.ios:11221: found /usr/bin/perl
configure.ios:11234: result: /usr/bin/perl
configure.ios:11255: checking for special C compiler options needed for large files
configure.ios:11350: result: no
configure.ios:11356: checking for _FILE_OFFSET_BITS value needed for large files
configure.ios:11391: /Applications/Xcode.app/Contents/Developer/Toolchains/XcodeDefault.xctoolchain/usr/bin/clang -fembed-bitcode -arch arm64e -miphoneos-version-min=10.0  -c -isysroot /Applications/Xcode.app/Contents/Developer/Platforms/iPhoneOS.platform/Developer/SDKs/iPhoneOS.sdk  conftest.c >&5
configure.ios:11398: $? = 0
configure.ios:11467: result: no
configure.ios:11605: checking for ll modifier of printf
configure.ios:11637: /Applications/Xcode.app/Contents/Developer/Toolchains/XcodeDefault.xctoolchain/usr/bin/clang -fembed-bitcode -arch arm64e -miphoneos-version-min=10.0  -o conftest -isysroot /Applications/Xcode.app/Contents/Developer/Platforms/iPhoneOS.platform/Developer/SDKs/iPhoneOS.sdk   conftest.c  >&5
configure.ios:11641: $? = 0
configure.ios:11647: ./conftest
./configure.ios: line 11649: ./conftest: Bad CPU type in executable
configure.ios:11651: $? = 126
configure.ios: program exited with status 126
configure.ios: failed program was:
| 
|     #include <stdio.h>
|     #include <string.h>
|     #include <limits.h>
|     int main() {
| 	char buffer[128];
| 	sprintf(buffer, "%llx", (unsigned long long) 1 << 32);
| 	return (strcmp(buffer, "100000000") == 0) ? 0 : 1;
|     }
| 
configure.ios:11668: result: no
configure.ios:11670: checking for I64 modifier of printf
configure.ios:11702: /Applications/Xcode.app/Contents/Developer/Toolchains/XcodeDefault.xctoolchain/usr/bin/clang -fembed-bitcode -arch arm64e -miphoneos-version-min=10.0  -o conftest -isysroot /Applications/Xcode.app/Contents/Developer/Platforms/iPhoneOS.platform/Developer/SDKs/iPhoneOS.sdk   conftest.c  >&5
conftest.c:7:37: error: expected ')'
        sprintf(buffer, "%I64x", (unsigned __int64) 1 << 32);
                                           ^
conftest.c:7:27: note: to match this '('
        sprintf(buffer, "%I64x", (unsigned __int64) 1 << 32);
                                 ^
conftest.c:7:20: warning: length modifier 'I64' results in undefined behavior or no effect with 'x' conversion specifier [-Wformat]
        sprintf(buffer, "%I64x", (unsigned __int64) 1 << 32);
                         ~^~~~
/Applications/Xcode.app/Contents/Developer/Platforms/iPhoneOS.platform/Developer/SDKs/iPhoneOS.sdk/usr/include/secure/_stdio.h:47:56: note: expanded from macro 'sprintf'
  __builtin___sprintf_chk (str, 0, __darwin_obsz(str), __VA_ARGS__)
                                                       ^
conftest.c:7:27: warning: format specifies type 'unsigned __int64' (aka 'unsigned long long') but the argument has type 'unsigned int' [-Wformat]
        sprintf(buffer, "%I64x", (unsigned __int64) 1 << 32);
                         ~~~~~   ^~~~~~~~~~~~~~~~~~~~~~~~~~
                         %x
/Applications/Xcode.app/Contents/Developer/Platforms/iPhoneOS.platform/Developer/SDKs/iPhoneOS.sdk/usr/include/secure/_stdio.h:47:56: note: expanded from macro 'sprintf'
  __builtin___sprintf_chk (str, 0, __darwin_obsz(str), __VA_ARGS__)
                                                       ^~~~~~~~~~~
conftest.c:7:48: warning: shift count >= width of type [-Wshift-count-overflow]
        sprintf(buffer, "%I64x", (unsigned __int64) 1 << 32);
                                                      ^  ~~
/Applications/Xcode.app/Contents/Developer/Platforms/iPhoneOS.platform/Developer/SDKs/iPhoneOS.sdk/usr/include/secure/_stdio.h:47:56: note: expanded from macro 'sprintf'
  __builtin___sprintf_chk (str, 0, __darwin_obsz(str), __VA_ARGS__)
                                                       ^~~~~~~~~~~
3 warnings and 1 error generated.
configure.ios:11706: $? = 1
configure.ios: program exited with status 1
configure.ios: failed program was:
| 
|     #include <stdio.h>
|     #include <string.h>
|     #include <limits.h>
|     int main() {
| 	char buffer[128];
| 	sprintf(buffer, "%I64x", (unsigned __int64) 1 << 32);
| 	return (strcmp(buffer, "100000000") == 0) ? 0 : 1;
|     }
| 
configure.ios:11733: result: no
configure.ios:11774: checking locale.h usability
configure.ios:11791: /Applications/Xcode.app/Contents/Developer/Toolchains/XcodeDefault.xctoolchain/usr/bin/clang -fembed-bitcode -arch arm64e -miphoneos-version-min=10.0  -c -isysroot /Applications/Xcode.app/Contents/Developer/Platforms/iPhoneOS.platform/Developer/SDKs/iPhoneOS.sdk  conftest.c >&5
configure.ios:11798: $? = 0
configure.ios:11812: result: yes
configure.ios:11816: checking locale.h presence
configure.ios:11831: /Applications/Xcode.app/Contents/Developer/Toolchains/XcodeDefault.xctoolchain/usr/bin/cpp  conftest.c
configure.ios:11838: $? = 0
configure.ios:11852: result: yes
configure.ios:11880: checking for locale.h
configure.ios:11889: result: yes
configure.ios:11774: checking nl_types.h usability
configure.ios:11791: /Applications/Xcode.app/Contents/Developer/Toolchains/XcodeDefault.xctoolchain/usr/bin/clang -fembed-bitcode -arch arm64e -miphoneos-version-min=10.0  -c -isysroot /Applications/Xcode.app/Contents/Developer/Platforms/iPhoneOS.platform/Developer/SDKs/iPhoneOS.sdk  conftest.c >&5
configure.ios:11798: $? = 0
configure.ios:11812: result: yes
configure.ios:11816: checking nl_types.h presence
configure.ios:11831: /Applications/Xcode.app/Contents/Developer/Toolchains/XcodeDefault.xctoolchain/usr/bin/cpp  conftest.c
configure.ios:11838: $? = 0
configure.ios:11852: result: yes
configure.ios:11880: checking for nl_types.h
configure.ios:11889: result: yes
configure.ios:11908: checking for setlocale
configure.ios:11964: /Applications/Xcode.app/Contents/Developer/Toolchains/XcodeDefault.xctoolchain/usr/bin/clang -fembed-bitcode -arch arm64e -miphoneos-version-min=10.0  -o conftest -isysroot /Applications/Xcode.app/Contents/Developer/Platforms/iPhoneOS.platform/Developer/SDKs/iPhoneOS.sdk   conftest.c  >&5
configure.ios:11971: $? = 0
configure.ios:11993: result: yes
configure.ios:12007: checking for LC_MESSAGES
configure.ios:12028: /Applications/Xcode.app/Contents/Developer/Toolchains/XcodeDefault.xctoolchain/usr/bin/clang -fembed-bitcode -arch arm64e -miphoneos-version-min=10.0  -o conftest -isysroot /Applications/Xcode.app/Contents/Developer/Platforms/iPhoneOS.platform/Developer/SDKs/iPhoneOS.sdk   conftest.c  >&5
configure.ios:12035: $? = 0
configure.ios:12055: result: yes
configure.ios:12116: checking for iconv_open in -liconv
configure.ios:12151: /Applications/Xcode.app/Contents/Developer/Toolchains/XcodeDefault.xctoolchain/usr/bin/clang -fembed-bitcode -arch arm64e -miphoneos-version-min=10.0  -o conftest -isysroot /Applications/Xcode.app/Contents/Developer/Platforms/iPhoneOS.platform/Developer/SDKs/iPhoneOS.sdk    conftest.c -liconv    >&5
configure.ios:12158: $? = 0
configure.ios:12179: result: yes
configure.ios:12190: checking for iconv_open
configure.ios:12246: /Applications/Xcode.app/Contents/Developer/Toolchains/XcodeDefault.xctoolchain/usr/bin/clang -fembed-bitcode -arch arm64e -miphoneos-version-min=10.0  -o conftest -isysroot /Applications/Xcode.app/Contents/Developer/Platforms/iPhoneOS.platform/Developer/SDKs/iPhoneOS.sdk    conftest.c   -liconv >&5
configure.ios:12253: $? = 0
configure.ios:12275: result: yes
configure.ios:12190: checking for locale_charset
configure.ios:12246: /Applications/Xcode.app/Contents/Developer/Toolchains/XcodeDefault.xctoolchain/usr/bin/clang -fembed-bitcode -arch arm64e -miphoneos-version-min=10.0  -o conftest -isysroot /Applications/Xcode.app/Contents/Developer/Platforms/iPhoneOS.platform/Developer/SDKs/iPhoneOS.sdk    conftest.c   -liconv >&5
configure.ios:12253: $? = 0
configure.ios:12275: result: yes
configure.ios:12304: checking iconv.h usability
configure.ios:12321: /Applications/Xcode.app/Contents/Developer/Toolchains/XcodeDefault.xctoolchain/usr/bin/clang -fembed-bitcode -arch arm64e -miphoneos-version-min=10.0  -c -isysroot /Applications/Xcode.app/Contents/Developer/Platforms/iPhoneOS.platform/Developer/SDKs/iPhoneOS.sdk   conftest.c >&5
configure.ios:12328: $? = 0
configure.ios:12342: result: yes
configure.ios:12346: checking iconv.h presence
configure.ios:12361: /Applications/Xcode.app/Contents/Developer/Toolchains/XcodeDefault.xctoolchain/usr/bin/cpp   conftest.c
configure.ios:12368: $? = 0
configure.ios:12382: result: yes
configure.ios:12410: checking for iconv.h
configure.ios:12419: result: yes
configure.ios:12304: checking libcharset.h usability
configure.ios:12321: /Applications/Xcode.app/Contents/Developer/Toolchains/XcodeDefault.xctoolchain/usr/bin/clang -fembed-bitcode -arch arm64e -miphoneos-version-min=10.0  -c -isysroot /Applications/Xcode.app/Contents/Developer/Platforms/iPhoneOS.platform/Developer/SDKs/iPhoneOS.sdk   conftest.c >&5
conftest.c:63:10: fatal error: 'libcharset.h' file not found
#include <libcharset.h>
         ^~~~~~~~~~~~~~
1 error generated.
configure.ios:12328: $? = 1
configure.ios: failed program was:
| /* confdefs.h.  */
| #define PACKAGE_NAME "eb"
| #define PACKAGE_TARNAME "eb"
| #define PACKAGE_VERSION "4.4.3"
| #define PACKAGE_STRING "eb 4.4.3"
| #define PACKAGE_BUGREPORT ""
| #define PACKAGE "eb"
| #define VERSION "4.4.3"
| #define MAILING_ADDRESS "m-kasahr@sra.co.jp"
| #define STDC_HEADERS 1
| #define HAVE_SYS_TYPES_H 1
| #define HAVE_SYS_STAT_H 1
| #define HAVE_STDLIB_H 1
| #define HAVE_STRING_H 1
| #define HAVE_MEMORY_H 1
| #define HAVE_STRINGS_H 1
| #define HAVE_INTTYPES_H 1
| #define HAVE_STDINT_H 1
| #define HAVE_UNISTD_H 1
| #define HAVE_DLFCN_H 1
| #define LT_OBJDIR ".libs/"
| #define HAVE_LOCALE_H 1
| #define HAVE_NL_TYPES_H 1
| #define HAVE_SETLOCALE 1
| #define HAVE_LC_MESSAGES 1
| #define HAVE_ICONV_OPEN 1
| #define HAVE_LOCALE_CHARSET 1
| #define HAVE_ICONV_H 1
| /* end confdefs.h.  */
| #include <stdio.h>
| #ifdef HAVE_SYS_TYPES_H
| # include <sys/types.h>
| #endif
| #ifdef HAVE_SYS_STAT_H
| # include <sys/stat.h>
| #endif
| #ifdef STDC_HEADERS
| # include <stdlib.h>
| # include <stddef.h>
| #else
| # ifdef HAVE_STDLIB_H
| #  include <stdlib.h>
| # endif
| #endif
| #ifdef HAVE_STRING_H
| # if !defined STDC_HEADERS && defined HAVE_MEMORY_H
| #  include <memory.h>
| # endif
| # include <string.h>
| #endif
| #ifdef HAVE_STRINGS_H
| # include <strings.h>
| #endif
| #ifdef HAVE_INTTYPES_H
| # include <inttypes.h>
| #endif
| #ifdef HAVE_STDINT_H
| # include <stdint.h>
| #endif
| #ifdef HAVE_UNISTD_H
| # include <unistd.h>
| #endif
| #include <libcharset.h>
configure.ios:12342: result: no
configure.ios:12346: checking libcharset.h presence
configure.ios:12361: /Applications/Xcode.app/Contents/Developer/Toolchains/XcodeDefault.xctoolchain/usr/bin/cpp   conftest.c
configure.ios:12368: $? = 0
configure.ios:12382: result: yes
configure.ios:12395: WARNING: libcharset.h: present but cannot be compiled
configure.ios:12397: WARNING: libcharset.h:     check for missing prerequisite headers?
configure.ios:12399: WARNING: libcharset.h: see the Autoconf documentation
configure.ios:12401: WARNING: libcharset.h:     section "Present But Cannot Be Compiled"
configure.ios:12403: WARNING: libcharset.h: proceeding with the preprocessor's result
configure.ios:12405: WARNING: libcharset.h: in the future, the compiler will take precedence
configure.ios:12410: checking for libcharset.h
configure.ios:12419: result: yes
configure.ios:12446: checking for NLS support
configure.ios:12486: /Applications/Xcode.app/Contents/Developer/Toolchains/XcodeDefault.xctoolchain/usr/bin/clang -fembed-bitcode -arch arm64e -miphoneos-version-min=10.0  -o conftest -isysroot /Applications/Xcode.app/Contents/Developer/Platforms/iPhoneOS.platform/Developer/SDKs/iPhoneOS.sdk    conftest.c   -lintl  -liconv >&5
conftest.c:10:10: fatal error: 'libintl.h' file not found
#include <libintl.h>
         ^~~~~~~~~~~
1 error generated.
configure.ios:12493: $? = 1
configure.ios: failed program was:
| 
| #include <stdio.h>
| #ifdef ENABLE_NLS
| #undef ENABLE_NLS
| #endif
| #define ENABLE_NLS 1
| #ifdef HAVE_LOCALE_H
| #include <locale.h>
| #endif
| #include <libintl.h>
| 
| int
| main()
| {
| #ifdef HAVE_SETLOCALE
|   setlocale(LC_ALL, "");
| #endif
|   bindtextdomain("gttest", ".locale");
|   textdomain("gttest");
|   gettext("foo");
|   return 0;
| }
| 
configure.ios:12552: /Applications/Xcode.app/Contents/Developer/Toolchains/XcodeDefault.xctoolchain/usr/bin/clang -fembed-bitcode -arch arm64e -miphoneos-version-min=10.0  -o conftest -isysroot /Applications/Xcode.app/Contents/Developer/Platforms/iPhoneOS.platform/Developer/SDKs/iPhoneOS.sdk    conftest.c   -lintl >&5
conftest.c:10:10: fatal error: 'libintl.h' file not found
#include <libintl.h>
         ^~~~~~~~~~~
1 error generated.
configure.ios:12559: $? = 1
configure.ios: failed program was:
| 
| #include <stdio.h>
| #ifdef ENABLE_NLS
| #undef ENABLE_NLS
| #endif
| #define ENABLE_NLS 1
| #ifdef HAVE_LOCALE_H
| #include <locale.h>
| #endif
| #include <libintl.h>
| 
| int
| main()
| {
| #ifdef HAVE_SETLOCALE
|   setlocale(LC_ALL, "");
| #endif
|   bindtextdomain("gttest", ".locale");
|   textdomain("gttest");
|   gettext("foo");
|   return 0;
| }
| 
configure.ios:12619: /Applications/Xcode.app/Contents/Developer/Toolchains/XcodeDefault.xctoolchain/usr/bin/clang -fembed-bitcode -arch arm64e -miphoneos-version-min=10.0  -o conftest -isysroot /Applications/Xcode.app/Contents/Developer/Platforms/iPhoneOS.platform/Developer/SDKs/iPhoneOS.sdk   conftest.c   -liconv >&5
conftest.c:10:10: fatal error: 'libintl.h' file not found
#include <libintl.h>
         ^~~~~~~~~~~
1 error generated.
configure.ios:12626: $? = 1
configure.ios: failed program was:
| 
| #include <stdio.h>
| #ifdef ENABLE_NLS
| #undef ENABLE_NLS
| #endif
| #define ENABLE_NLS 1
| #ifdef HAVE_LOCALE_H
| #include <locale.h>
| #endif
| #include <libintl.h>
| 
| int
| main()
| {
| #ifdef HAVE_SETLOCALE
|   setlocale(LC_ALL, "");
| #endif
|   bindtextdomain("gttest", ".locale");
|   textdomain("gttest");
|   gettext("foo");
|   return 0;
| }
| 
configure.ios:12686: /Applications/Xcode.app/Contents/Developer/Toolchains/XcodeDefault.xctoolchain/usr/bin/clang -fembed-bitcode -arch arm64e -miphoneos-version-min=10.0  -o conftest -isysroot /Applications/Xcode.app/Contents/Developer/Platforms/iPhoneOS.platform/Developer/SDKs/iPhoneOS.sdk   conftest.c  >&5
conftest.c:10:10: fatal error: 'libintl.h' file not found
#include <libintl.h>
         ^~~~~~~~~~~
1 error generated.
configure.ios:12693: $? = 1
configure.ios: failed program was:
| 
| #include <stdio.h>
| #ifdef ENABLE_NLS
| #undef ENABLE_NLS
| #endif
| #define ENABLE_NLS 1
| #ifdef HAVE_LOCALE_H
| #include <locale.h>
| #endif
| #include <libintl.h>
| 
| int
| main()
| {
| #ifdef HAVE_SETLOCALE
|   setlocale(LC_ALL, "");
| #endif
|   bindtextdomain("gttest", ".locale");
|   textdomain("gttest");
|   gettext("foo");
|   return 0;
| }
| 
configure.ios:12727: result: no
configure.ios:12755: checking for gmsgfmt
configure.ios:12788: result: no
configure.ios:12755: checking for msgfmt
configure.ios:12788: result: no
configure.ios:12801: checking for gxgettext
configure.ios:12834: result: no
configure.ios:12801: checking for xgettext
configure.ios:12834: result: no
configure.ios:12920: checking for pthread
configure.ios:12980: result: no
configure.ios:13033: checking for zlib
configure.ios:13057: /Applications/Xcode.app/Contents/Developer/Toolchains/XcodeDefault.xctoolchain/usr/bin/clang -fembed-bitcode -arch arm64e -miphoneos-version-min=10.0  -o conftest -isysroot /Applications/Xcode.app/Contents/Developer/Platforms/iPhoneOS.platform/Developer/SDKs/iPhoneOS.sdk    conftest.c  -lz >&5
configure.ios:13064: $? = 0
configure.ios:13085: result: yes
configure.ios:13141: checking direct.h usability
configure.ios:13158: /Applications/Xcode.app/Contents/Developer/Toolchains/XcodeDefault.xctoolchain/usr/bin/clang -fembed-bitcode -arch arm64e -miphoneos-version-min=10.0  -c -isysroot /Applications/Xcode.app/Contents/Developer/Platforms/iPhoneOS.platform/Developer/SDKs/iPhoneOS.sdk  conftest.c >&5
conftest.c:64:10: fatal error: 'direct.h' file not found
#include <direct.h>
         ^~~~~~~~~~
1 error generated.
configure.ios:13165: $? = 1
configure.ios: failed program was:
| /* confdefs.h.  */
| #define PACKAGE_NAME "eb"
| #define PACKAGE_TARNAME "eb"
| #define PACKAGE_VERSION "4.4.3"
| #define PACKAGE_STRING "eb 4.4.3"
| #define PACKAGE_BUGREPORT ""
| #define PACKAGE "eb"
| #define VERSION "4.4.3"
| #define MAILING_ADDRESS "m-kasahr@sra.co.jp"
| #define STDC_HEADERS 1
| #define HAVE_SYS_TYPES_H 1
| #define HAVE_SYS_STAT_H 1
| #define HAVE_STDLIB_H 1
| #define HAVE_STRING_H 1
| #define HAVE_MEMORY_H 1
| #define HAVE_STRINGS_H 1
| #define HAVE_INTTYPES_H 1
| #define HAVE_STDINT_H 1
| #define HAVE_UNISTD_H 1
| #define HAVE_DLFCN_H 1
| #define LT_OBJDIR ".libs/"
| #define HAVE_LOCALE_H 1
| #define HAVE_NL_TYPES_H 1
| #define HAVE_SETLOCALE 1
| #define HAVE_LC_MESSAGES 1
| #define HAVE_ICONV_OPEN 1
| #define HAVE_LOCALE_CHARSET 1
| #define HAVE_ICONV_H 1
| #define HAVE_LIBCHARSET_H 1
| /* end confdefs.h.  */
| #include <stdio.h>
| #ifdef HAVE_SYS_TYPES_H
| # include <sys/types.h>
| #endif
| #ifdef HAVE_SYS_STAT_H
| # include <sys/stat.h>
| #endif
| #ifdef STDC_HEADERS
| # include <stdlib.h>
| # include <stddef.h>
| #else
| # ifdef HAVE_STDLIB_H
| #  include <stdlib.h>
| # endif
| #endif
| #ifdef HAVE_STRING_H
| # if !defined STDC_HEADERS && defined HAVE_MEMORY_H
| #  include <memory.h>
| # endif
| # include <string.h>
| #endif
| #ifdef HAVE_STRINGS_H
| # include <strings.h>
| #endif
| #ifdef HAVE_INTTYPES_H
| # include <inttypes.h>
| #endif
| #ifdef HAVE_STDINT_H
| # include <stdint.h>
| #endif
| #ifdef HAVE_UNISTD_H
| # include <unistd.h>
| #endif
| #include <direct.h>
configure.ios:13179: result: no
configure.ios:13183: checking direct.h presence
configure.ios:13198: /Applications/Xcode.app/Contents/Developer/Toolchains/XcodeDefault.xctoolchain/usr/bin/cpp  conftest.c
conftest.c:31:10: fatal error: 'direct.h' file not found
#include <direct.h>
         ^~~~~~~~~~
1 error generated.
configure.ios:13205: $? = 1
configure.ios: failed program was:
| /* confdefs.h.  */
| #define PACKAGE_NAME "eb"
| #define PACKAGE_TARNAME "eb"
| #define PACKAGE_VERSION "4.4.3"
| #define PACKAGE_STRING "eb 4.4.3"
| #define PACKAGE_BUGREPORT ""
| #define PACKAGE "eb"
| #define VERSION "4.4.3"
| #define MAILING_ADDRESS "m-kasahr@sra.co.jp"
| #define STDC_HEADERS 1
| #define HAVE_SYS_TYPES_H 1
| #define HAVE_SYS_STAT_H 1
| #define HAVE_STDLIB_H 1
| #define HAVE_STRING_H 1
| #define HAVE_MEMORY_H 1
| #define HAVE_STRINGS_H 1
| #define HAVE_INTTYPES_H 1
| #define HAVE_STDINT_H 1
| #define HAVE_UNISTD_H 1
| #define HAVE_DLFCN_H 1
| #define LT_OBJDIR ".libs/"
| #define HAVE_LOCALE_H 1
| #define HAVE_NL_TYPES_H 1
| #define HAVE_SETLOCALE 1
| #define HAVE_LC_MESSAGES 1
| #define HAVE_ICONV_OPEN 1
| #define HAVE_LOCALE_CHARSET 1
| #define HAVE_ICONV_H 1
| #define HAVE_LIBCHARSET_H 1
| /* end confdefs.h.  */
| #include <direct.h>
configure.ios:13219: result: no
configure.ios:13247: checking for direct.h
configure.ios:13256: result: no
configure.ios:13141: checking langinfo.h usability
configure.ios:13158: /Applications/Xcode.app/Contents/Developer/Toolchains/XcodeDefault.xctoolchain/usr/bin/clang -fembed-bitcode -arch arm64e -miphoneos-version-min=10.0  -c -isysroot /Applications/Xcode.app/Contents/Developer/Platforms/iPhoneOS.platform/Developer/SDKs/iPhoneOS.sdk  conftest.c >&5
configure.ios:13165: $? = 0
configure.ios:13179: result: yes
configure.ios:13183: checking langinfo.h presence
configure.ios:13198: /Applications/Xcode.app/Contents/Developer/Toolchains/XcodeDefault.xctoolchain/usr/bin/cpp  conftest.c
configure.ios:13205: $? = 0
configure.ios:13219: result: yes
configure.ios:13247: checking for langinfo.h
configure.ios:13256: result: yes
configure.ios:13141: checking mbstring.h usability
configure.ios:13158: /Applications/Xcode.app/Contents/Developer/Toolchains/XcodeDefault.xctoolchain/usr/bin/clang -fembed-bitcode -arch arm64e -miphoneos-version-min=10.0  -c -isysroot /Applications/Xcode.app/Contents/Developer/Platforms/iPhoneOS.platform/Developer/SDKs/iPhoneOS.sdk  conftest.c >&5
conftest.c:65:10: fatal error: 'mbstring.h' file not found
#include <mbstring.h>
         ^~~~~~~~~~~~
1 error generated.
configure.ios:13165: $? = 1
configure.ios: failed program was:
| /* confdefs.h.  */
| #define PACKAGE_NAME "eb"
| #define PACKAGE_TARNAME "eb"
| #define PACKAGE_VERSION "4.4.3"
| #define PACKAGE_STRING "eb 4.4.3"
| #define PACKAGE_BUGREPORT ""
| #define PACKAGE "eb"
| #define VERSION "4.4.3"
| #define MAILING_ADDRESS "m-kasahr@sra.co.jp"
| #define STDC_HEADERS 1
| #define HAVE_SYS_TYPES_H 1
| #define HAVE_SYS_STAT_H 1
| #define HAVE_STDLIB_H 1
| #define HAVE_STRING_H 1
| #define HAVE_MEMORY_H 1
| #define HAVE_STRINGS_H 1
| #define HAVE_INTTYPES_H 1
| #define HAVE_STDINT_H 1
| #define HAVE_UNISTD_H 1
| #define HAVE_DLFCN_H 1
| #define LT_OBJDIR ".libs/"
| #define HAVE_LOCALE_H 1
| #define HAVE_NL_TYPES_H 1
| #define HAVE_SETLOCALE 1
| #define HAVE_LC_MESSAGES 1
| #define HAVE_ICONV_OPEN 1
| #define HAVE_LOCALE_CHARSET 1
| #define HAVE_ICONV_H 1
| #define HAVE_LIBCHARSET_H 1
| #define HAVE_LANGINFO_H 1
| /* end confdefs.h.  */
| #include <stdio.h>
| #ifdef HAVE_SYS_TYPES_H
| # include <sys/types.h>
| #endif
| #ifdef HAVE_SYS_STAT_H
| # include <sys/stat.h>
| #endif
| #ifdef STDC_HEADERS
| # include <stdlib.h>
| # include <stddef.h>
| #else
| # ifdef HAVE_STDLIB_H
| #  include <stdlib.h>
| # endif
| #endif
| #ifdef HAVE_STRING_H
| # if !defined STDC_HEADERS && defined HAVE_MEMORY_H
| #  include <memory.h>
| # endif
| # include <string.h>
| #endif
| #ifdef HAVE_STRINGS_H
| # include <strings.h>
| #endif
| #ifdef HAVE_INTTYPES_H
| # include <inttypes.h>
| #endif
| #ifdef HAVE_STDINT_H
| # include <stdint.h>
| #endif
| #ifdef HAVE_UNISTD_H
| # include <unistd.h>
| #endif
| #include <mbstring.h>
configure.ios:13179: result: no
configure.ios:13183: checking mbstring.h presence
configure.ios:13198: /Applications/Xcode.app/Contents/Developer/Toolchains/XcodeDefault.xctoolchain/usr/bin/cpp  conftest.c
conftest.c:32:10: fatal error: 'mbstring.h' file not found
#include <mbstring.h>
         ^~~~~~~~~~~~
1 error generated.
configure.ios:13205: $? = 1
configure.ios: failed program was:
| /* confdefs.h.  */
| #define PACKAGE_NAME "eb"
| #define PACKAGE_TARNAME "eb"
| #define PACKAGE_VERSION "4.4.3"
| #define PACKAGE_STRING "eb 4.4.3"
| #define PACKAGE_BUGREPORT ""
| #define PACKAGE "eb"
| #define VERSION "4.4.3"
| #define MAILING_ADDRESS "m-kasahr@sra.co.jp"
| #define STDC_HEADERS 1
| #define HAVE_SYS_TYPES_H 1
| #define HAVE_SYS_STAT_H 1
| #define HAVE_STDLIB_H 1
| #define HAVE_STRING_H 1
| #define HAVE_MEMORY_H 1
| #define HAVE_STRINGS_H 1
| #define HAVE_INTTYPES_H 1
| #define HAVE_STDINT_H 1
| #define HAVE_UNISTD_H 1
| #define HAVE_DLFCN_H 1
| #define LT_OBJDIR ".libs/"
| #define HAVE_LOCALE_H 1
| #define HAVE_NL_TYPES_H 1
| #define HAVE_SETLOCALE 1
| #define HAVE_LC_MESSAGES 1
| #define HAVE_ICONV_OPEN 1
| #define HAVE_LOCALE_CHARSET 1
| #define HAVE_ICONV_H 1
| #define HAVE_LIBCHARSET_H 1
| #define HAVE_LANGINFO_H 1
| /* end confdefs.h.  */
| #include <mbstring.h>
configure.ios:13219: result: no
configure.ios:13247: checking for mbstring.h
configure.ios:13256: result: no
configure.ios:13141: checking pthread.h usability
configure.ios:13158: /Applications/Xcode.app/Contents/Developer/Toolchains/XcodeDefault.xctoolchain/usr/bin/clang -fembed-bitcode -arch arm64e -miphoneos-version-min=10.0  -c -isysroot /Applications/Xcode.app/Contents/Developer/Platforms/iPhoneOS.platform/Developer/SDKs/iPhoneOS.sdk  conftest.c >&5
configure.ios:13165: $? = 0
configure.ios:13179: result: yes
configure.ios:13183: checking pthread.h presence
configure.ios:13198: /Applications/Xcode.app/Contents/Developer/Toolchains/XcodeDefault.xctoolchain/usr/bin/cpp  conftest.c
In file included from conftest.c:32:
In file included from /Applications/Xcode.app/Contents/Developer/Platforms/MacOSX.platform/Developer/SDKs/MacOSX10.14.sdk/usr/include/pthread.h:60:
In file included from /Applications/Xcode.app/Contents/Developer/Platforms/MacOSX.platform/Developer/SDKs/MacOSX10.14.sdk/usr/include/time.h:67:
In file included from /Applications/Xcode.app/Contents/Developer/Platforms/MacOSX.platform/Developer/SDKs/MacOSX10.14.sdk/usr/include/Availability.h:232:
/Applications/Xcode.app/Contents/Developer/Platforms/MacOSX.platform/Developer/SDKs/MacOSX10.14.sdk/usr/include/AvailabilityInternal.h:41989:2: error: #else after #else
#else
 ^
/Applications/Xcode.app/Contents/Developer/Platforms/MacOSX.platform/Developer/SDKs/MacOSX10.14.sdk/usr/include/AvailabilityInternal.h:41324:10: error: unterminated conditional directive
        #if __MAC_OS_X_VERSION_MIN_REQUIRED >= __MAC_10_13_1
         ^
/Applications/Xcode.app/Contents/Developer/Platforms/MacOSX.platform/Developer/SDKs/MacOSX10.14.sdk/usr/include/AvailabilityInternal.h:41233:10: error: unterminated conditional directive
        #if __MAC_OS_X_VERSION_MIN_REQUIRED >= __MAC_10_13
         ^
/Applications/Xcode.app/Contents/Developer/Platforms/MacOSX.platform/Developer/SDKs/MacOSX10.14.sdk/usr/include/AvailabilityInternal.h:41146:10: error: unterminated conditional directive
        #if __MAC_OS_X_VERSION_MIN_REQUIRED >= __MAC_10_12_4
         ^
/Applications/Xcode.app/Contents/Developer/Platforms/MacOSX.platform/Developer/SDKs/MacOSX10.14.sdk/usr/include/AvailabilityInternal.h:41063:10: error: unterminated conditional directive
        #if __MAC_OS_X_VERSION_MIN_REQUIRED >= __MAC_10_12_2
         ^
/Applications/Xcode.app/Contents/Developer/Platforms/MacOSX.platform/Developer/SDKs/MacOSX10.14.sdk/usr/include/AvailabilityInternal.h:40984:10: error: unterminated conditional directive
        #if __MAC_OS_X_VERSION_MIN_REQUIRED >= __MAC_10_12_1
         ^
/Applications/Xcode.app/Contents/Developer/Platforms/MacOSX.platform/Developer/SDKs/MacOSX10.14.sdk/usr/include/AvailabilityInternal.h:40909:10: error: unterminated conditional directive
        #if __MAC_OS_X_VERSION_MIN_REQUIRED >= __MAC_10_12
         ^
/Applications/Xcode.app/Contents/Developer/Platforms/MacOSX.platform/Developer/SDKs/MacOSX10.14.sdk/usr/include/AvailabilityInternal.h:40838:10: error: unterminated conditional directive
        #if __MAC_OS_X_VERSION_MIN_REQUIRED >= __MAC_10_11_4
         ^
/Applications/Xcode.app/Contents/Developer/Platforms/MacOSX.platform/Developer/SDKs/MacOSX10.14.sdk/usr/include/AvailabilityInternal.h:40771:10: error: unterminated conditional directive
        #if __MAC_OS_X_VERSION_MIN_REQUIRED >= __MAC_10_11_3
         ^
/Applications/Xcode.app/Contents/Developer/Platforms/MacOSX.platform/Developer/SDKs/MacOSX10.14.sdk/usr/include/AvailabilityInternal.h:40708:10: error: unterminated conditional directive
        #if __MAC_OS_X_VERSION_MIN_REQUIRED >= __MAC_10_11_2
         ^
/Applications/Xcode.app/Contents/Developer/Platforms/MacOSX.platform/Developer/SDKs/MacOSX10.14.sdk/usr/include/AvailabilityInternal.h:40649:10: error: unterminated conditional directive
        #if __MAC_OS_X_VERSION_MIN_REQUIRED >= __MAC_10_11
         ^
/Applications/Xcode.app/Contents/Developer/Platforms/MacOSX.platform/Developer/SDKs/MacOSX10.14.sdk/usr/include/AvailabilityInternal.h:40594:10: error: unterminated conditional directive
        #if __MAC_OS_X_VERSION_MIN_REQUIRED >= __MAC_10_10_3
         ^
/Applications/Xcode.app/Contents/Developer/Platforms/MacOSX.platform/Developer/SDKs/MacOSX10.14.sdk/usr/include/AvailabilityInternal.h:40543:10: error: unterminated conditional directive
        #if __MAC_OS_X_VERSION_MIN_REQUIRED >= __MAC_10_10_2
         ^
/Applications/Xcode.app/Contents/Developer/Platforms/MacOSX.platform/Developer/SDKs/MacOSX10.14.sdk/usr/include/AvailabilityInternal.h:40496:10: error: unterminated conditional directive
        #if __MAC_OS_X_VERSION_MIN_REQUIRED >= __MAC_10_10
         ^
/Applications/Xcode.app/Contents/Developer/Platforms/MacOSX.platform/Developer/SDKs/MacOSX10.14.sdk/usr/include/AvailabilityInternal.h:40453:10: error: unterminated conditional directive
        #if __MAC_OS_X_VERSION_MIN_REQUIRED >= __MAC_10_9
         ^
/Applications/Xcode.app/Contents/Developer/Platforms/MacOSX.platform/Developer/SDKs/MacOSX10.14.sdk/usr/include/AvailabilityInternal.h:40414:10: error: unterminated conditional directive
        #if __MAC_OS_X_VERSION_MIN_REQUIRED >= __MAC_10_8
         ^
/Applications/Xcode.app/Contents/Developer/Platforms/MacOSX.platform/Developer/SDKs/MacOSX10.14.sdk/usr/include/AvailabilityInternal.h:40379:10: error: unterminated conditional directive
        #if __MAC_OS_X_VERSION_MIN_REQUIRED >= __MAC_10_7
         ^
/Applications/Xcode.app/Contents/Developer/Platforms/MacOSX.platform/Developer/SDKs/MacOSX10.14.sdk/usr/include/AvailabilityInternal.h:40348:10: error: unterminated conditional directive
        #if __MAC_OS_X_VERSION_MIN_REQUIRED >= __MAC_10_6
         ^
/Applications/Xcode.app/Contents/Developer/Platforms/MacOSX.platform/Developer/SDKs/MacOSX10.14.sdk/usr/include/AvailabilityInternal.h:40321:10: error: unterminated conditional directive
        #if __MAC_OS_X_VERSION_MIN_REQUIRED >= __MAC_10_5
         ^
fatal error: too many errors emitted, stopping now [-ferror-limit=]
20 errors generated.
configure.ios:13205: $? = 1
configure.ios: failed program was:
| /* confdefs.h.  */
| #define PACKAGE_NAME "eb"
| #define PACKAGE_TARNAME "eb"
| #define PACKAGE_VERSION "4.4.3"
| #define PACKAGE_STRING "eb 4.4.3"
| #define PACKAGE_BUGREPORT ""
| #define PACKAGE "eb"
| #define VERSION "4.4.3"
| #define MAILING_ADDRESS "m-kasahr@sra.co.jp"
| #define STDC_HEADERS 1
| #define HAVE_SYS_TYPES_H 1
| #define HAVE_SYS_STAT_H 1
| #define HAVE_STDLIB_H 1
| #define HAVE_STRING_H 1
| #define HAVE_MEMORY_H 1
| #define HAVE_STRINGS_H 1
| #define HAVE_INTTYPES_H 1
| #define HAVE_STDINT_H 1
| #define HAVE_UNISTD_H 1
| #define HAVE_DLFCN_H 1
| #define LT_OBJDIR ".libs/"
| #define HAVE_LOCALE_H 1
| #define HAVE_NL_TYPES_H 1
| #define HAVE_SETLOCALE 1
| #define HAVE_LC_MESSAGES 1
| #define HAVE_ICONV_OPEN 1
| #define HAVE_LOCALE_CHARSET 1
| #define HAVE_ICONV_H 1
| #define HAVE_LIBCHARSET_H 1
| #define HAVE_LANGINFO_H 1
| /* end confdefs.h.  */
| #include <pthread.h>
configure.ios:13219: result: no
configure.ios:13225: WARNING: pthread.h: accepted by the compiler, rejected by the preprocessor!
configure.ios:13227: WARNING: pthread.h: proceeding with the compiler's result
configure.ios:13247: checking for pthread.h
configure.ios:13256: result: yes
configure.ios:13274: checking for res_query in -lresolv
configure.ios:13309: /Applications/Xcode.app/Contents/Developer/Toolchains/XcodeDefault.xctoolchain/usr/bin/clang -fembed-bitcode -arch arm64e -miphoneos-version-min=10.0  -o conftest -isysroot /Applications/Xcode.app/Contents/Developer/Platforms/iPhoneOS.platform/Developer/SDKs/iPhoneOS.sdk   conftest.c -lresolv   >&5
configure.ios:13316: $? = 0
configure.ios:13337: result: yes
configure.ios:13426: checking for gethostname in -lnsl
configure.ios:13461: /Applications/Xcode.app/Contents/Developer/Toolchains/XcodeDefault.xctoolchain/usr/bin/clang -fembed-bitcode -arch arm64e -miphoneos-version-min=10.0  -o conftest -isysroot /Applications/Xcode.app/Contents/Developer/Platforms/iPhoneOS.platform/Developer/SDKs/iPhoneOS.sdk   conftest.c -lnsl  -lresolv  >&5
ld: library not found for -lnsl
clang: error: linker command failed with exit code 1 (use -v to see invocation)
configure.ios:13468: $? = 1
configure.ios: failed program was:
| /* confdefs.h.  */
| #define PACKAGE_NAME "eb"
| #define PACKAGE_TARNAME "eb"
| #define PACKAGE_VERSION "4.4.3"
| #define PACKAGE_STRING "eb 4.4.3"
| #define PACKAGE_BUGREPORT ""
| #define PACKAGE "eb"
| #define VERSION "4.4.3"
| #define MAILING_ADDRESS "m-kasahr@sra.co.jp"
| #define STDC_HEADERS 1
| #define HAVE_SYS_TYPES_H 1
| #define HAVE_SYS_STAT_H 1
| #define HAVE_STDLIB_H 1
| #define HAVE_STRING_H 1
| #define HAVE_MEMORY_H 1
| #define HAVE_STRINGS_H 1
| #define HAVE_INTTYPES_H 1
| #define HAVE_STDINT_H 1
| #define HAVE_UNISTD_H 1
| #define HAVE_DLFCN_H 1
| #define LT_OBJDIR ".libs/"
| #define HAVE_LOCALE_H 1
| #define HAVE_NL_TYPES_H 1
| #define HAVE_SETLOCALE 1
| #define HAVE_LC_MESSAGES 1
| #define HAVE_ICONV_OPEN 1
| #define HAVE_LOCALE_CHARSET 1
| #define HAVE_ICONV_H 1
| #define HAVE_LIBCHARSET_H 1
| #define HAVE_LANGINFO_H 1
| #define HAVE_PTHREAD_H 1
| #define HAVE_LIBRESOLV 1
| /* end confdefs.h.  */
| 
| /* Override any GCC internal prototype to avoid an error.
|    Use char because int might match the return type of a GCC
|    builtin and then its argument prototype would still apply.  */
| #ifdef __cplusplus
| extern "C"
| #endif
| char gethostname ();
| int
| main ()
| {
| return gethostname ();
|   ;
|   return 0;
| }
configure.ios:13489: result: no
configure.ios:13501: checking for socket in -lsocket
configure.ios:13536: /Applications/Xcode.app/Contents/Developer/Toolchains/XcodeDefault.xctoolchain/usr/bin/clang -fembed-bitcode -arch arm64e -miphoneos-version-min=10.0  -o conftest -isysroot /Applications/Xcode.app/Contents/Developer/Platforms/iPhoneOS.platform/Developer/SDKs/iPhoneOS.sdk   conftest.c -lsocket  -lresolv  >&5
ld: library not found for -lsocket
clang: error: linker command failed with exit code 1 (use -v to see invocation)
configure.ios:13543: $? = 1
configure.ios: failed program was:
| /* confdefs.h.  */
| #define PACKAGE_NAME "eb"
| #define PACKAGE_TARNAME "eb"
| #define PACKAGE_VERSION "4.4.3"
| #define PACKAGE_STRING "eb 4.4.3"
| #define PACKAGE_BUGREPORT ""
| #define PACKAGE "eb"
| #define VERSION "4.4.3"
| #define MAILING_ADDRESS "m-kasahr@sra.co.jp"
| #define STDC_HEADERS 1
| #define HAVE_SYS_TYPES_H 1
| #define HAVE_SYS_STAT_H 1
| #define HAVE_STDLIB_H 1
| #define HAVE_STRING_H 1
| #define HAVE_MEMORY_H 1
| #define HAVE_STRINGS_H 1
| #define HAVE_INTTYPES_H 1
| #define HAVE_STDINT_H 1
| #define HAVE_UNISTD_H 1
| #define HAVE_DLFCN_H 1
| #define LT_OBJDIR ".libs/"
| #define HAVE_LOCALE_H 1
| #define HAVE_NL_TYPES_H 1
| #define HAVE_SETLOCALE 1
| #define HAVE_LC_MESSAGES 1
| #define HAVE_ICONV_OPEN 1
| #define HAVE_LOCALE_CHARSET 1
| #define HAVE_ICONV_H 1
| #define HAVE_LIBCHARSET_H 1
| #define HAVE_LANGINFO_H 1
| #define HAVE_PTHREAD_H 1
| #define HAVE_LIBRESOLV 1
| /* end confdefs.h.  */
| 
| /* Override any GCC internal prototype to avoid an error.
|    Use char because int might match the return type of a GCC
|    builtin and then its argument prototype would still apply.  */
| #ifdef __cplusplus
| extern "C"
| #endif
| char socket ();
| int
| main ()
| {
| return socket ();
|   ;
|   return 0;
| }
configure.ios:13564: result: no
configure.ios:13583: checking for nl_langinfo
configure.ios:13639: /Applications/Xcode.app/Contents/Developer/Toolchains/XcodeDefault.xctoolchain/usr/bin/clang -fembed-bitcode -arch arm64e -miphoneos-version-min=10.0  -o conftest -isysroot /Applications/Xcode.app/Contents/Developer/Platforms/iPhoneOS.platform/Developer/SDKs/iPhoneOS.sdk   conftest.c -lresolv  >&5
configure.ios:13646: $? = 0
configure.ios:13668: result: yes
configure.ios:13583: checking for _getdcwd
configure.ios:13639: /Applications/Xcode.app/Contents/Developer/Toolchains/XcodeDefault.xctoolchain/usr/bin/clang -fembed-bitcode -arch arm64e -miphoneos-version-min=10.0  -o conftest -isysroot /Applications/Xcode.app/Contents/Developer/Platforms/iPhoneOS.platform/Developer/SDKs/iPhoneOS.sdk   conftest.c -lresolv  >&5
Undefined symbols for architecture arm64e:
  "__getdcwd", referenced from:
      _main in conftest-9283e2.o
ld: symbol(s) not found for architecture arm64e
clang: error: linker command failed with exit code 1 (use -v to see invocation)
configure.ios:13646: $? = 1
configure.ios: failed program was:
| /* confdefs.h.  */
| #define PACKAGE_NAME "eb"
| #define PACKAGE_TARNAME "eb"
| #define PACKAGE_VERSION "4.4.3"
| #define PACKAGE_STRING "eb 4.4.3"
| #define PACKAGE_BUGREPORT ""
| #define PACKAGE "eb"
| #define VERSION "4.4.3"
| #define MAILING_ADDRESS "m-kasahr@sra.co.jp"
| #define STDC_HEADERS 1
| #define HAVE_SYS_TYPES_H 1
| #define HAVE_SYS_STAT_H 1
| #define HAVE_STDLIB_H 1
| #define HAVE_STRING_H 1
| #define HAVE_MEMORY_H 1
| #define HAVE_STRINGS_H 1
| #define HAVE_INTTYPES_H 1
| #define HAVE_STDINT_H 1
| #define HAVE_UNISTD_H 1
| #define HAVE_DLFCN_H 1
| #define LT_OBJDIR ".libs/"
| #define HAVE_LOCALE_H 1
| #define HAVE_NL_TYPES_H 1
| #define HAVE_SETLOCALE 1
| #define HAVE_LC_MESSAGES 1
| #define HAVE_ICONV_OPEN 1
| #define HAVE_LOCALE_CHARSET 1
| #define HAVE_ICONV_H 1
| #define HAVE_LIBCHARSET_H 1
| #define HAVE_LANGINFO_H 1
| #define HAVE_PTHREAD_H 1
| #define HAVE_LIBRESOLV 1
| #define HAVE_NL_LANGINFO 1
| /* end confdefs.h.  */
| /* Define _getdcwd to an innocuous variant, in case <limits.h> declares _getdcwd.
|    For example, HP-UX 11i <limits.h> declares gettimeofday.  */
| #define _getdcwd innocuous__getdcwd
| 
| /* System header to define __stub macros and hopefully few prototypes,
|     which can conflict with char _getdcwd (); below.
|     Prefer <limits.h> to <assert.h> if __STDC__ is defined, since
|     <limits.h> exists even on freestanding compilers.  */
| 
| #ifdef __STDC__
| # include <limits.h>
| #else
| # include <assert.h>
| #endif
| 
| #undef _getdcwd
| 
| /* Override any GCC internal prototype to avoid an error.
|    Use char because int might match the return type of a GCC
|    builtin and then its argument prototype would still apply.  */
| #ifdef __cplusplus
| extern "C"
| #endif
| char _getdcwd ();
| /* The GNU C library defines this for functions which it implements
|     to always fail with ENOSYS.  Some functions are actually named
|     something starting with __ and the normal name is an alias.  */
| #if defined __stub__getdcwd || defined __stub____getdcwd
| choke me
| #endif
| 
| int
| main ()
| {
| return _getdcwd ();
|   ;
|   return 0;
| }
configure.ios:13668: result: no
configure.ios:13583: checking for atoll
configure.ios:13639: /Applications/Xcode.app/Contents/Developer/Toolchains/XcodeDefault.xctoolchain/usr/bin/clang -fembed-bitcode -arch arm64e -miphoneos-version-min=10.0  -o conftest -isysroot /Applications/Xcode.app/Contents/Developer/Platforms/iPhoneOS.platform/Developer/SDKs/iPhoneOS.sdk   conftest.c -lresolv  >&5
configure.ios:13646: $? = 0
configure.ios:13668: result: yes
configure.ios:13583: checking for _atoi64
configure.ios:13639: /Applications/Xcode.app/Contents/Developer/Toolchains/XcodeDefault.xctoolchain/usr/bin/clang -fembed-bitcode -arch arm64e -miphoneos-version-min=10.0  -o conftest -isysroot /Applications/Xcode.app/Contents/Developer/Platforms/iPhoneOS.platform/Developer/SDKs/iPhoneOS.sdk   conftest.c -lresolv  >&5
Undefined symbols for architecture arm64e:
  "__atoi64", referenced from:
      _main in conftest-7fca00.o
ld: symbol(s) not found for architecture arm64e
clang: error: linker command failed with exit code 1 (use -v to see invocation)
configure.ios:13646: $? = 1
configure.ios: failed program was:
| /* confdefs.h.  */
| #define PACKAGE_NAME "eb"
| #define PACKAGE_TARNAME "eb"
| #define PACKAGE_VERSION "4.4.3"
| #define PACKAGE_STRING "eb 4.4.3"
| #define PACKAGE_BUGREPORT ""
| #define PACKAGE "eb"
| #define VERSION "4.4.3"
| #define MAILING_ADDRESS "m-kasahr@sra.co.jp"
| #define STDC_HEADERS 1
| #define HAVE_SYS_TYPES_H 1
| #define HAVE_SYS_STAT_H 1
| #define HAVE_STDLIB_H 1
| #define HAVE_STRING_H 1
| #define HAVE_MEMORY_H 1
| #define HAVE_STRINGS_H 1
| #define HAVE_INTTYPES_H 1
| #define HAVE_STDINT_H 1
| #define HAVE_UNISTD_H 1
| #define HAVE_DLFCN_H 1
| #define LT_OBJDIR ".libs/"
| #define HAVE_LOCALE_H 1
| #define HAVE_NL_TYPES_H 1
| #define HAVE_SETLOCALE 1
| #define HAVE_LC_MESSAGES 1
| #define HAVE_ICONV_OPEN 1
| #define HAVE_LOCALE_CHARSET 1
| #define HAVE_ICONV_H 1
| #define HAVE_LIBCHARSET_H 1
| #define HAVE_LANGINFO_H 1
| #define HAVE_PTHREAD_H 1
| #define HAVE_LIBRESOLV 1
| #define HAVE_NL_LANGINFO 1
| #define HAVE_ATOLL 1
| /* end confdefs.h.  */
| /* Define _atoi64 to an innocuous variant, in case <limits.h> declares _atoi64.
|    For example, HP-UX 11i <limits.h> declares gettimeofday.  */
| #define _atoi64 innocuous__atoi64
| 
| /* System header to define __stub macros and hopefully few prototypes,
|     which can conflict with char _atoi64 (); below.
|     Prefer <limits.h> to <assert.h> if __STDC__ is defined, since
|     <limits.h> exists even on freestanding compilers.  */
| 
| #ifdef __STDC__
| # include <limits.h>
| #else
| # include <assert.h>
| #endif
| 
| #undef _atoi64
| 
| /* Override any GCC internal prototype to avoid an error.
|    Use char because int might match the return type of a GCC
|    builtin and then its argument prototype would still apply.  */
| #ifdef __cplusplus
| extern "C"
| #endif
| char _atoi64 ();
| /* The GNU C library defines this for functions which it implements
|     to always fail with ENOSYS.  Some functions are actually named
|     something starting with __ and the normal name is an alias.  */
| #if defined __stub__atoi64 || defined __stub____atoi64
| choke me
| #endif
| 
| int
| main ()
| {
| return _atoi64 ();
|   ;
|   return 0;
| }
configure.ios:13668: result: no
configure.ios:13684: checking for strcasecmp
configure.ios:13740: /Applications/Xcode.app/Contents/Developer/Toolchains/XcodeDefault.xctoolchain/usr/bin/clang -fembed-bitcode -arch arm64e -miphoneos-version-min=10.0  -o conftest -isysroot /Applications/Xcode.app/Contents/Developer/Platforms/iPhoneOS.platform/Developer/SDKs/iPhoneOS.sdk   conftest.c -lresolv  >&5
conftest.c:59:6: warning: incompatible redeclaration of library function 'strcasecmp' [-Wincompatible-library-redeclaration]
char strcasecmp ();
     ^
conftest.c:59:6: note: 'strcasecmp' is a builtin with type 'int (const char *, const char *)'
1 warning generated.
configure.ios:13747: $? = 0
configure.ios:13769: result: yes
configure.ios:13790: checking for mode_t
configure.ios:13818: /Applications/Xcode.app/Contents/Developer/Toolchains/XcodeDefault.xctoolchain/usr/bin/clang -fembed-bitcode -arch arm64e -miphoneos-version-min=10.0  -c -isysroot /Applications/Xcode.app/Contents/Developer/Platforms/iPhoneOS.platform/Developer/SDKs/iPhoneOS.sdk  conftest.c >&5
configure.ios:13825: $? = 0
configure.ios:13852: /Applications/Xcode.app/Contents/Developer/Toolchains/XcodeDefault.xctoolchain/usr/bin/clang -fembed-bitcode -arch arm64e -miphoneos-version-min=10.0  -c -isysroot /Applications/Xcode.app/Contents/Developer/Platforms/iPhoneOS.platform/Developer/SDKs/iPhoneOS.sdk  conftest.c >&5
conftest.c:73:21: error: expected expression
if (sizeof ((mode_t)))
                    ^
1 error generated.
configure.ios:13859: $? = 1
configure.ios: failed program was:
| /* confdefs.h.  */
| #define PACKAGE_NAME "eb"
| #define PACKAGE_TARNAME "eb"
| #define PACKAGE_VERSION "4.4.3"
| #define PACKAGE_STRING "eb 4.4.3"
| #define PACKAGE_BUGREPORT ""
| #define PACKAGE "eb"
| #define VERSION "4.4.3"
| #define MAILING_ADDRESS "m-kasahr@sra.co.jp"
| #define STDC_HEADERS 1
| #define HAVE_SYS_TYPES_H 1
| #define HAVE_SYS_STAT_H 1
| #define HAVE_STDLIB_H 1
| #define HAVE_STRING_H 1
| #define HAVE_MEMORY_H 1
| #define HAVE_STRINGS_H 1
| #define HAVE_INTTYPES_H 1
| #define HAVE_STDINT_H 1
| #define HAVE_UNISTD_H 1
| #define HAVE_DLFCN_H 1
| #define LT_OBJDIR ".libs/"
| #define HAVE_LOCALE_H 1
| #define HAVE_NL_TYPES_H 1
| #define HAVE_SETLOCALE 1
| #define HAVE_LC_MESSAGES 1
| #define HAVE_ICONV_OPEN 1
| #define HAVE_LOCALE_CHARSET 1
| #define HAVE_ICONV_H 1
| #define HAVE_LIBCHARSET_H 1
| #define HAVE_LANGINFO_H 1
| #define HAVE_PTHREAD_H 1
| #define HAVE_LIBRESOLV 1
| #define HAVE_NL_LANGINFO 1
| #define HAVE_ATOLL 1
| #define HAVE_STRCASECMP 1
| /* end confdefs.h.  */
| #include <stdio.h>
| #ifdef HAVE_SYS_TYPES_H
| # include <sys/types.h>
| #endif
| #ifdef HAVE_SYS_STAT_H
| # include <sys/stat.h>
| #endif
| #ifdef STDC_HEADERS
| # include <stdlib.h>
| # include <stddef.h>
| #else
| # ifdef HAVE_STDLIB_H
| #  include <stdlib.h>
| # endif
| #endif
| #ifdef HAVE_STRING_H
| # if !defined STDC_HEADERS && defined HAVE_MEMORY_H
| #  include <memory.h>
| # endif
| # include <string.h>
| #endif
| #ifdef HAVE_STRINGS_H
| # include <strings.h>
| #endif
| #ifdef HAVE_INTTYPES_H
| # include <inttypes.h>
| #endif
| #ifdef HAVE_STDINT_H
| # include <stdint.h>
| #endif
| #ifdef HAVE_UNISTD_H
| # include <unistd.h>
| #endif
| int
| main ()
| {
| if (sizeof ((mode_t)))
| 	  return 0;
|   ;
|   return 0;
| }
configure.ios:13882: result: yes
configure.ios:13894: checking for ssize_t
configure.ios:13922: /Applications/Xcode.app/Contents/Developer/Toolchains/XcodeDefault.xctoolchain/usr/bin/clang -fembed-bitcode -arch arm64e -miphoneos-version-min=10.0  -c -isysroot /Applications/Xcode.app/Contents/Developer/Platforms/iPhoneOS.platform/Developer/SDKs/iPhoneOS.sdk  conftest.c >&5
configure.ios:13929: $? = 0
configure.ios:13956: /Applications/Xcode.app/Contents/Developer/Toolchains/XcodeDefault.xctoolchain/usr/bin/clang -fembed-bitcode -arch arm64e -miphoneos-version-min=10.0  -c -isysroot /Applications/Xcode.app/Contents/Developer/Platforms/iPhoneOS.platform/Developer/SDKs/iPhoneOS.sdk  conftest.c >&5
conftest.c:73:22: error: expected expression
if (sizeof ((ssize_t)))
                     ^
1 error generated.
configure.ios:13963: $? = 1
configure.ios: failed program was:
| /* confdefs.h.  */
| #define PACKAGE_NAME "eb"
| #define PACKAGE_TARNAME "eb"
| #define PACKAGE_VERSION "4.4.3"
| #define PACKAGE_STRING "eb 4.4.3"
| #define PACKAGE_BUGREPORT ""
| #define PACKAGE "eb"
| #define VERSION "4.4.3"
| #define MAILING_ADDRESS "m-kasahr@sra.co.jp"
| #define STDC_HEADERS 1
| #define HAVE_SYS_TYPES_H 1
| #define HAVE_SYS_STAT_H 1
| #define HAVE_STDLIB_H 1
| #define HAVE_STRING_H 1
| #define HAVE_MEMORY_H 1
| #define HAVE_STRINGS_H 1
| #define HAVE_INTTYPES_H 1
| #define HAVE_STDINT_H 1
| #define HAVE_UNISTD_H 1
| #define HAVE_DLFCN_H 1
| #define LT_OBJDIR ".libs/"
| #define HAVE_LOCALE_H 1
| #define HAVE_NL_TYPES_H 1
| #define HAVE_SETLOCALE 1
| #define HAVE_LC_MESSAGES 1
| #define HAVE_ICONV_OPEN 1
| #define HAVE_LOCALE_CHARSET 1
| #define HAVE_ICONV_H 1
| #define HAVE_LIBCHARSET_H 1
| #define HAVE_LANGINFO_H 1
| #define HAVE_PTHREAD_H 1
| #define HAVE_LIBRESOLV 1
| #define HAVE_NL_LANGINFO 1
| #define HAVE_ATOLL 1
| #define HAVE_STRCASECMP 1
| /* end confdefs.h.  */
| #include <stdio.h>
| #ifdef HAVE_SYS_TYPES_H
| # include <sys/types.h>
| #endif
| #ifdef HAVE_SYS_STAT_H
| # include <sys/stat.h>
| #endif
| #ifdef STDC_HEADERS
| # include <stdlib.h>
| # include <stddef.h>
| #else
| # ifdef HAVE_STDLIB_H
| #  include <stdlib.h>
| # endif
| #endif
| #ifdef HAVE_STRING_H
| # if !defined STDC_HEADERS && defined HAVE_MEMORY_H
| #  include <memory.h>
| # endif
| # include <string.h>
| #endif
| #ifdef HAVE_STRINGS_H
| # include <strings.h>
| #endif
| #ifdef HAVE_INTTYPES_H
| # include <inttypes.h>
| #endif
| #ifdef HAVE_STDINT_H
| # include <stdint.h>
| #endif
| #ifdef HAVE_UNISTD_H
| # include <unistd.h>
| #endif
| int
| main ()
| {
| if (sizeof ((ssize_t)))
| 	  return 0;
|   ;
|   return 0;
| }
configure.ios:13986: result: yes
configure.ios:14024: checking for in_port_t
configure.ios:14043: /Applications/Xcode.app/Contents/Developer/Toolchains/XcodeDefault.xctoolchain/usr/bin/clang -fembed-bitcode -arch arm64e -miphoneos-version-min=10.0  -c -isysroot /Applications/Xcode.app/Contents/Developer/Platforms/iPhoneOS.platform/Developer/SDKs/iPhoneOS.sdk  conftest.c >&5
configure.ios:14050: $? = 0
configure.ios:14065: result: yes
configure.ios:14296: checking for sa_family_t
configure.ios:14314: /Applications/Xcode.app/Contents/Developer/Toolchains/XcodeDefault.xctoolchain/usr/bin/clang -fembed-bitcode -arch arm64e -miphoneos-version-min=10.0  -c -isysroot /Applications/Xcode.app/Contents/Developer/Platforms/iPhoneOS.platform/Developer/SDKs/iPhoneOS.sdk  conftest.c >&5
configure.ios:14321: $? = 0
configure.ios:14336: result: yes
configure.ios:14563: checking for socklen_t
configure.ios:14581: /Applications/Xcode.app/Contents/Developer/Toolchains/XcodeDefault.xctoolchain/usr/bin/clang -fembed-bitcode -arch arm64e -miphoneos-version-min=10.0  -c -isysroot /Applications/Xcode.app/Contents/Developer/Platforms/iPhoneOS.platform/Developer/SDKs/iPhoneOS.sdk  conftest.c >&5
configure.ios:14588: $? = 0
configure.ios:14603: result: yes
configure.ios:14612: checking for struct in6_addr
configure.ios:14631: /Applications/Xcode.app/Contents/Developer/Toolchains/XcodeDefault.xctoolchain/usr/bin/clang -fembed-bitcode -arch arm64e -miphoneos-version-min=10.0  -c -isysroot /Applications/Xcode.app/Contents/Developer/Platforms/iPhoneOS.platform/Developer/SDKs/iPhoneOS.sdk  conftest.c >&5
configure.ios:14638: $? = 0
configure.ios:14653: result: yes
configure.ios:14662: checking for struct sockaddr_in6
configure.ios:14681: /Applications/Xcode.app/Contents/Developer/Toolchains/XcodeDefault.xctoolchain/usr/bin/clang -fembed-bitcode -arch arm64e -miphoneos-version-min=10.0  -c -isysroot /Applications/Xcode.app/Contents/Developer/Platforms/iPhoneOS.platform/Developer/SDKs/iPhoneOS.sdk  conftest.c >&5
configure.ios:14688: $? = 0
configure.ios:14703: result: yes
configure.ios:14712: checking for struct sockaddr_storage
configure.ios:14731: /Applications/Xcode.app/Contents/Developer/Toolchains/XcodeDefault.xctoolchain/usr/bin/clang -fembed-bitcode -arch arm64e -miphoneos-version-min=10.0  -c -isysroot /Applications/Xcode.app/Contents/Developer/Platforms/iPhoneOS.platform/Developer/SDKs/iPhoneOS.sdk  conftest.c >&5
configure.ios:14738: $? = 0
configure.ios:14753: result: yes
configure.ios:14766: checking for in6addr_any declaration in netinet/in.h
configure.ios:14791: /Applications/Xcode.app/Contents/Developer/Toolchains/XcodeDefault.xctoolchain/usr/bin/clang -fembed-bitcode -arch arm64e -miphoneos-version-min=10.0  -c -isysroot /Applications/Xcode.app/Contents/Developer/Platforms/iPhoneOS.platform/Developer/SDKs/iPhoneOS.sdk  conftest.c >&5
conftest.c:10:13: warning: assigning to 'unsigned char *' from 'char *' converts between pointers to integer types with different sign [-Wpointer-sign]
    address = (char *)&in6addr_any;
            ^ ~~~~~~~~~~~~~~~~~~~~
1 warning generated.
configure.ios:14798: $? = 0
configure.ios:14813: result: yes
configure.ios:14827: checking for in6addr_loopback declaration in netinet/in.h
configure.ios:14852: /Applications/Xcode.app/Contents/Developer/Toolchains/XcodeDefault.xctoolchain/usr/bin/clang -fembed-bitcode -arch arm64e -miphoneos-version-min=10.0  -c -isysroot /Applications/Xcode.app/Contents/Developer/Platforms/iPhoneOS.platform/Developer/SDKs/iPhoneOS.sdk  conftest.c >&5
conftest.c:10:13: warning: assigning to 'unsigned char *' from 'char *' converts between pointers to integer types with different sign [-Wpointer-sign]
    address = (char *)&in6addr_loopback;
            ^ ~~~~~~~~~~~~~~~~~~~~~~~~~
conftest.c:11:1: warning: control reaches end of non-void function [-Wreturn-type]
}
^
2 warnings generated.
configure.ios:14859: $? = 0
configure.ios:14874: result: yes
configure.ios:14891: checking for getaddrinfo
configure.ios:14947: /Applications/Xcode.app/Contents/Developer/Toolchains/XcodeDefault.xctoolchain/usr/bin/clang -fembed-bitcode -arch arm64e -miphoneos-version-min=10.0  -o conftest -isysroot /Applications/Xcode.app/Contents/Developer/Platforms/iPhoneOS.platform/Developer/SDKs/iPhoneOS.sdk   conftest.c -lresolv  >&5
configure.ios:14954: $? = 0
configure.ios:14976: result: yes
configure.ios:14891: checking for getnameinfo
configure.ios:14947: /Applications/Xcode.app/Contents/Developer/Toolchains/XcodeDefault.xctoolchain/usr/bin/clang -fembed-bitcode -arch arm64e -miphoneos-version-min=10.0  -o conftest -isysroot /Applications/Xcode.app/Contents/Developer/Platforms/iPhoneOS.platform/Developer/SDKs/iPhoneOS.sdk   conftest.c -lresolv  >&5
configure.ios:14954: $? = 0
configure.ios:14976: result: yes
configure.ios:14891: checking for gai_strerror
configure.ios:14947: /Applications/Xcode.app/Contents/Developer/Toolchains/XcodeDefault.xctoolchain/usr/bin/clang -fembed-bitcode -arch arm64e -miphoneos-version-min=10.0  -o conftest -isysroot /Applications/Xcode.app/Contents/Developer/Platforms/iPhoneOS.platform/Developer/SDKs/iPhoneOS.sdk   conftest.c -lresolv  >&5
configure.ios:14954: $? = 0
configure.ios:14976: result: yes
configure.ios:14997: checking for IPv6 support
configure.ios:15016: result: yes
configure.ios:15181: creating ./config.status

## ---------------------- ##
## Running config.status. ##
## ---------------------- ##

This file was extended by eb config.status 4.4.3, which was
generated by GNU Autoconf 2.63.  Invocation command line was

  CONFIG_FILES    = 
  CONFIG_HEADERS  = 
  CONFIG_LINKS    = 
  CONFIG_COMMANDS = 
  $ ./config.status 

on Landons-MacBook-Pro.local

config.status:1052: creating Makefile
config.status:1052: creating eb/Makefile
config.status:1052: creating libebutils/Makefile
config.status:1052: creating ebappendix/Makefile
config.status:1052: creating ebfont/Makefile
config.status:1052: creating ebinfo/Makefile
config.status:1052: creating ebrefile/Makefile
config.status:1052: creating ebstopcode/Makefile
config.status:1052: creating ebzip/Makefile
config.status:1052: creating doc/Makefile
config.status:1052: creating po-eb/Makefile
config.status:1052: creating po-ebutils/Makefile
config.status:1052: creating m4/Makefile
config.status:1052: creating samples/Makefile
config.status:1052: creating config.h
config.status:1274: config.h is unchanged
config.status:1326: executing depfiles commands
config.status:1326: executing libtool commands

## ---------------- ##
## Cache variables. ##
## ---------------- ##

ac_cv_build=i386-apple-darwin18.2.0
ac_cv_c_compiler_gnu=yes
ac_cv_decl_in6addr_any=yes
ac_cv_decl_in6addr_loopback=yes
ac_cv_env_CC_set=set
ac_cv_env_CC_value='/Applications/Xcode.app/Contents/Developer/Toolchains/XcodeDefault.xctoolchain/usr/bin/clang -fembed-bitcode -arch arm64e -miphoneos-version-min=10.0 '
ac_cv_env_CFLAGS_set=set
ac_cv_env_CFLAGS_value='-isysroot /Applications/Xcode.app/Contents/Developer/Platforms/iPhoneOS.platform/Developer/SDKs/iPhoneOS.sdk'
ac_cv_env_CPPFLAGS_set=
ac_cv_env_CPPFLAGS_value=
ac_cv_env_CPP_set=set
ac_cv_env_CPP_value=/Applications/Xcode.app/Contents/Developer/Toolchains/XcodeDefault.xctoolchain/usr/bin/cpp
ac_cv_env_LDFLAGS_set=
ac_cv_env_LDFLAGS_value=
ac_cv_env_LIBS_set=
ac_cv_env_LIBS_value=
ac_cv_env_build_alias_set=
ac_cv_env_build_alias_value=
ac_cv_env_host_alias_set=set
ac_cv_env_host_alias_value=arm-apple-darwin9
ac_cv_env_target_alias_set=
ac_cv_env_target_alias_value=
ac_cv_func__atoi64=no
ac_cv_func__getdcwd=no
ac_cv_func_atoll=yes
ac_cv_func_gai_strerror=yes
ac_cv_func_getaddrinfo=yes
ac_cv_func_getnameinfo=yes
ac_cv_func_iconv_open=yes
ac_cv_func_locale_charset=yes
ac_cv_func_nl_langinfo=yes
ac_cv_func_printf_i64=no
ac_cv_func_printf_ll=no
ac_cv_func_setlocale=yes
ac_cv_func_strcasecmp=yes
ac_cv_header_direct_h=no
ac_cv_header_dlfcn_h=yes
ac_cv_header_iconv_h=yes
ac_cv_header_inttypes_h=yes
ac_cv_header_langinfo_h=yes
ac_cv_header_libcharset_h=yes
ac_cv_header_locale_h=yes
ac_cv_header_mbstring_h=no
ac_cv_header_memory_h=yes
ac_cv_header_nl_types_h=yes
ac_cv_header_pthread_h=yes
ac_cv_header_stdc=yes
ac_cv_header_stdint_h=yes
ac_cv_header_stdlib_h=yes
ac_cv_header_string_h=yes
ac_cv_header_strings_h=yes
ac_cv_header_sys_stat_h=yes
ac_cv_header_sys_types_h=yes
ac_cv_header_unistd_h=yes
ac_cv_host=arm-apple-darwin9
ac_cv_lib_iconv_iconv_open=yes
ac_cv_lib_nsl_gethostname=no
ac_cv_lib_resolv_res_query=yes
ac_cv_lib_socket_socket=no
ac_cv_objext=o
ac_cv_path_EGREP='/usr/local/bin/ggrep -E'
ac_cv_path_FGREP='/usr/local/bin/ggrep -F'
ac_cv_path_GREP=/usr/local/bin/ggrep
ac_cv_path_PERL=/usr/bin/perl
ac_cv_path_SED=/usr/bin/sed
ac_cv_path_install='/usr/local/bin/ginstall -c'
ac_cv_path_mkdir=/usr/local/bin/gmkdir
ac_cv_prog_AWK=awk
ac_cv_prog_CC='/Applications/Xcode.app/Contents/Developer/Toolchains/XcodeDefault.xctoolchain/usr/bin/clang -fembed-bitcode -arch arm64e -miphoneos-version-min=10.0 '
ac_cv_prog_CPP=/Applications/Xcode.app/Contents/Developer/Toolchains/XcodeDefault.xctoolchain/usr/bin/cpp
ac_cv_prog_STRIP=strip
ac_cv_prog_ac_ct_AR=ar
ac_cv_prog_ac_ct_DSYMUTIL=dsymutil
ac_cv_prog_ac_ct_DUMPBIN='link -dump -symbols'
ac_cv_prog_ac_ct_LIPO=lipo
ac_cv_prog_ac_ct_NMEDIT=nmedit
ac_cv_prog_ac_ct_OBJDUMP=objdump
ac_cv_prog_ac_ct_OTOOL=otool
ac_cv_prog_ac_ct_RANLIB=ranlib
ac_cv_prog_ac_ct_STRIP=strip
ac_cv_prog_cc_c89=
ac_cv_prog_cc_g=yes
ac_cv_prog_make_make_set=yes
ac_cv_struct_in6_addr=yes
ac_cv_struct_sockaddr_in6=yes
ac_cv_struct_sockaddr_storage=yes
ac_cv_sys_file_offset_bits=no
ac_cv_sys_largefile_CC=no
ac_cv_type_in_port_t=yes
ac_cv_type_mode_t=yes
ac_cv_type_sa_family_t=yes
ac_cv_type_socklen_t=yes
ac_cv_type_ssize_t=yes
am_cv_CC_dependencies_compiler_type=gcc3
am_cv_val_LC_MESSAGES=yes
lt_cv_apple_cc_single_mod=yes
lt_cv_deplibs_check_method=pass_all
lt_cv_file_magic_cmd='$MAGIC_CMD'
lt_cv_file_magic_test_file=
lt_cv_ld_exported_symbols_list=yes
lt_cv_ld_reload_flag=-r
lt_cv_nm_interface='BSD nm'
lt_cv_objdir=.libs
lt_cv_path_LD=/Applications/Xcode.app/Contents/Developer/Toolchains/XcodeDefault.xctoolchain/usr/bin/ld
lt_cv_path_NM=no
lt_cv_prog_compiler_c_o=yes
lt_cv_prog_compiler_pic_works=yes
lt_cv_prog_compiler_rtti_exceptions=yes
lt_cv_prog_compiler_static_works=no
lt_cv_prog_gnu_ld=no
lt_cv_sys_global_symbol_pipe=
lt_cv_sys_global_symbol_to_c_name_address='sed -n -e '\''s/^: \([^ ]*\) $/  {\"\1\", (void *) 0},/p'\'' -e '\''s/^[BCDEGRST]* \([^ ]*\) \([^ ]*\)$/  {"\2", (void *) \&\2},/p'\'''
lt_cv_sys_global_symbol_to_c_name_address_lib_prefix='sed -n -e '\''s/^: \([^ ]*\) $/  {\"\1\", (void *) 0},/p'\'' -e '\''s/^[BCDEGRST]* \([^ ]*\) \(lib[^ ]*\)$/  {"\2", (void *) \&\2},/p'\'' -e '\''s/^[BCDEGRST]* \([^ ]*\) \([^ ]*\)$/  {"lib\2", (void *) \&\2},/p'\'''
lt_cv_sys_global_symbol_to_cdecl=
lt_cv_sys_max_cmd_len=196608

## ----------------- ##
## Output variables. ##
## ----------------- ##

ACLOCAL='${SHELL} /Users/landon/Developer/old-files/libeb-ios/src/missing --run aclocal-1.10'
AMDEPBACKSLASH='\'
AMDEP_FALSE='#'
AMDEP_TRUE=''
AMTAR='${SHELL} /Users/landon/Developer/old-files/libeb-ios/src/missing --run tar'
AR='ar'
AUTOCONF='${SHELL} /Users/landon/Developer/old-files/libeb-ios/src/missing --run autoconf'
AUTOHEADER='${SHELL} /Users/landon/Developer/old-files/libeb-ios/src/missing --run autoheader'
AUTOMAKE='${SHELL} /Users/landon/Developer/old-files/libeb-ios/src/missing --run automake-1.10'
AWK='awk'
CC='/Applications/Xcode.app/Contents/Developer/Toolchains/XcodeDefault.xctoolchain/usr/bin/clang -fembed-bitcode -arch arm64e -miphoneos-version-min=10.0 '
CCDEPMODE='depmode=gcc3'
CFLAGS='-isysroot /Applications/Xcode.app/Contents/Developer/Platforms/iPhoneOS.platform/Developer/SDKs/iPhoneOS.sdk'
CPP='/Applications/Xcode.app/Contents/Developer/Toolchains/XcodeDefault.xctoolchain/usr/bin/cpp'
CPPFLAGS=''
CYGPATH_W='echo'
DEFS='-DHAVE_CONFIG_H'
DEPDIR='.deps'
DSYMUTIL='dsymutil'
DUMPBIN='link -dump -symbols'
EBCONF_EBINCS='-I$(includedir)'
EBCONF_EBLIBS='-L$(libdir) -leb'
EBCONF_INTLINCS=''
EBCONF_INTLLIBS=''
EBCONF_ZLIBINCS=''
EBCONF_ZLIBLIBS='-lz'
EB_VERSION_MAJOR='4'
EB_VERSION_MINOR='4'
ECHO_C='\c'
ECHO_N=''
ECHO_T=''
EGREP='/usr/local/bin/ggrep -E'
ENABLE_EBNET='yes'
ENABLE_EBNET_FALSE='#'
ENABLE_EBNET_TRUE=''
ENABLE_NLS='no'
ENABLE_PTHREAD='no'
ENABLE_SAMPLES_FALSE=''
ENABLE_SAMPLES_TRUE='#'
EXEEXT=''
EXEEXT_EXE_FALSE=''
EXEEXT_EXE_TRUE='#'
FGREP='/usr/local/bin/ggrep -F'
GREP='/usr/local/bin/ggrep'
ICONVINCS=''
ICONVLIBS=' -liconv'
INSTALL_DATA='${INSTALL} -m 644'
INSTALL_PROGRAM='${INSTALL}'
INSTALL_SCRIPT='${INSTALL}'
INSTALL_STRIP_PROGRAM='$(install_sh) -c -s'
INTLINCS=''
INTLLIBS=''
LD='/Applications/Xcode.app/Contents/Developer/Toolchains/XcodeDefault.xctoolchain/usr/bin/ld'
LDFLAGS=''
LIBEB_VERSION_INFO='16:0:0'
LIBOBJS=''
LIBS='-lresolv '
LIBTOOL='$(SHELL) $(top_builddir)/libtool'
LIPO='lipo'
LN_S='ln -s'
LTLIBOBJS=''
MAILING_ADDRESS='m-kasahr@sra.co.jp'
MAKEINFO='${SHELL} /Users/landon/Developer/old-files/libeb-ios/src/missing --run makeinfo'
MKDIR_P='/usr/local/bin/gmkdir -p'
MSGFMT=':'
MSGMERGE='msgmerge'
NM='link -dump -symbols'
NMEDIT='nmedit'
OBJDUMP='objdump'
OBJEXT='o'
OTOOL64=':'
OTOOL='otool'
PACKAGE='eb'
PACKAGE_BUGREPORT=''
PACKAGE_NAME='eb'
PACKAGE_STRING='eb 4.4.3'
PACKAGE_TARNAME='eb'
PACKAGE_VERSION='4.4.3'
PATH_SEPARATOR=':'
PERL='/usr/bin/perl'
PTHREAD_CFLAGS=''
PTHREAD_CPPFLAGS=''
PTHREAD_LDFLAGS=''
RANLIB='ranlib'
SED='/usr/bin/sed'
SET_MAKE=''
SHELL='/bin/sh'
STRIP='strip'
VERSION='4.4.3'
XGETTEXT=':'
ZLIBDEPS=''
ZLIBINCS=''
ZLIBLIBS='-lz'
ac_ct_CC=''
ac_ct_DUMPBIN='link -dump -symbols'
am__fastdepCC_FALSE='#'
am__fastdepCC_TRUE=''
am__include='include'
am__isrc=''
am__leading_dot='.'
am__quote=''
am__tar='${AMTAR} chof - "$$tardir"'
am__untar='${AMTAR} xf -'
bindir='${exec_prefix}/bin'
build='i386-apple-darwin18.2.0'
build_alias=''
build_cpu='i386'
build_os='darwin18.2.0'
build_vendor='apple'
datadir='${datarootdir}'
datarootdir='${prefix}/share'
docdir='${datarootdir}/doc/${PACKAGE_TARNAME}'
dvidir='${docdir}'
exec_prefix='${prefix}'
host='arm-apple-darwin9'
host_alias='arm-apple-darwin9'
host_cpu='arm'
host_os='darwin9'
host_vendor='apple'
htmldir='${docdir}'
includedir='${prefix}/include'
infodir='${datarootdir}/info'
install_sh='$(SHELL) /Users/landon/Developer/old-files/libeb-ios/src/install-sh'
libdir='${exec_prefix}/lib'
libexecdir='${exec_prefix}/libexec'
localedir='$(datadir)/locale'
localstatedir='${prefix}/var'
lt_ECHO='/bin/echo'
mandir='${datarootdir}/man'
mkdir_p='/usr/local/bin/gmkdir -p'
oldincludedir='/usr/include'
pdfdir='${docdir}'
pkgdocdir='${datadir}/eb/doc'
prefix='/usr/local'
program_transform_name='s,x,x,'
psdir='${docdir}'
sbindir='${exec_prefix}/sbin'
sharedstatedir='${prefix}/com'
sysconfdir='${prefix}/etc'
target_alias=''

## ----------- ##
## confdefs.h. ##
## ----------- ##

#define PACKAGE_NAME "eb"
#define PACKAGE_TARNAME "eb"
#define PACKAGE_VERSION "4.4.3"
#define PACKAGE_STRING "eb 4.4.3"
#define PACKAGE_BUGREPORT ""
#define PACKAGE "eb"
#define VERSION "4.4.3"
#define MAILING_ADDRESS "m-kasahr@sra.co.jp"
#define STDC_HEADERS 1
#define HAVE_SYS_TYPES_H 1
#define HAVE_SYS_STAT_H 1
#define HAVE_STDLIB_H 1
#define HAVE_STRING_H 1
#define HAVE_MEMORY_H 1
#define HAVE_STRINGS_H 1
#define HAVE_INTTYPES_H 1
#define HAVE_STDINT_H 1
#define HAVE_UNISTD_H 1
#define HAVE_DLFCN_H 1
#define LT_OBJDIR ".libs/"
#define HAVE_LOCALE_H 1
#define HAVE_NL_TYPES_H 1
#define HAVE_SETLOCALE 1
#define HAVE_LC_MESSAGES 1
#define HAVE_ICONV_OPEN 1
#define HAVE_LOCALE_CHARSET 1
#define HAVE_ICONV_H 1
#define HAVE_LIBCHARSET_H 1
#define HAVE_LANGINFO_H 1
#define HAVE_PTHREAD_H 1
#define HAVE_LIBRESOLV 1
#define HAVE_NL_LANGINFO 1
#define HAVE_ATOLL 1
#define HAVE_STRCASECMP 1
#define ENABLE_EBNET 1
#define HAVE_STRUCT_IN6_ADDR 1
#define HAVE_STRUCT_SOCKADDR_IN6 1
#define HAVE_STRUCT_SOCKADDR_STORAGE 1
#define IN6ADDR_ANY_DECLARED 1
#define IN6ADDR_LOOPBACK_DECLARED 1
#define HAVE_GETADDRINFO 1
#define HAVE_GETNAMEINFO 1
#define HAVE_GAI_STRERROR 1
#define ENABLE_IPV6 1

configure.ios: exit 0
